{"/Users/jitendrs/UNO_Game/test/croupierTest.js":{"path":"/Users/jitendrs/UNO_Game/test/croupierTest.js","s":{"1":1,"2":1,"3":1,"4":1,"5":1,"6":1,"7":1,"8":1,"9":1,"10":0,"11":0,"12":0,"13":0,"14":0,"15":0,"16":0,"17":0,"18":0,"19":0,"20":0,"21":0,"22":0,"23":0,"24":0,"25":0,"26":0,"27":0,"28":0,"29":0,"30":0,"31":0,"32":0,"33":0,"34":0,"35":0,"36":0,"37":0,"38":0,"39":0,"40":0,"41":0,"42":0,"43":0,"44":0,"45":0,"46":0,"47":0,"48":0,"49":0,"50":0,"51":0,"52":0,"53":0,"54":0,"55":0,"56":0,"57":0,"58":0,"59":0,"60":0,"61":0,"62":0,"63":0,"64":0,"65":0,"66":0,"67":0,"68":0,"69":0,"70":0,"71":0,"72":0,"73":0,"74":0,"75":0,"76":0,"77":0,"78":0,"79":0,"80":0,"81":0,"82":0,"83":0,"84":0,"85":0,"86":0,"87":0,"88":0,"89":0,"90":0,"91":0,"92":0,"93":0,"94":0,"95":0,"96":0,"97":0,"98":0,"99":0,"100":0,"101":0,"102":0,"103":0,"104":0,"105":0,"106":0,"107":0,"108":0,"109":0,"110":0,"111":0,"112":0,"113":0,"114":0,"115":0,"116":0,"117":0,"118":0,"119":0,"120":0,"121":0,"122":0,"123":0,"124":0,"125":0,"126":0,"127":0,"128":0,"129":0,"130":0,"131":0,"132":0,"133":0,"134":0,"135":0,"136":0,"137":0,"138":0,"139":0,"140":0,"141":0,"142":0,"143":0,"144":0,"145":0,"146":0,"147":0,"148":0,"149":0,"150":0,"151":0,"152":0,"153":0,"154":0,"155":0,"156":0,"157":0,"158":0,"159":0,"160":0,"161":0,"162":0,"163":0,"164":0,"165":0,"166":0,"167":0,"168":0,"169":0,"170":0,"171":0,"172":0,"173":0,"174":0,"175":0,"176":0,"177":0,"178":0,"179":0,"180":0,"181":0,"182":0,"183":0,"184":0,"185":0,"186":0,"187":0,"188":0,"189":0,"190":0,"191":0,"192":0,"193":0,"194":0,"195":0,"196":0,"197":0,"198":0,"199":0,"200":0,"201":0,"202":0,"203":0,"204":0,"205":0,"206":0,"207":0,"208":0,"209":0,"210":0,"211":0,"212":0,"213":0,"214":0,"215":0,"216":0,"217":0,"218":0,"219":0,"220":0,"221":0,"222":0,"223":0,"224":0,"225":0,"226":0,"227":0,"228":0,"229":0,"230":0,"231":0,"232":0,"233":0,"234":0,"235":0,"236":0,"237":0,"238":0,"239":0,"240":0,"241":0,"242":0,"243":0,"244":0,"245":0,"246":0,"247":0,"248":0,"249":0,"250":0,"251":0,"252":0,"253":0,"254":0,"255":0,"256":0,"257":0,"258":0,"259":0,"260":0,"261":0,"262":0,"263":0,"264":0},"b":{},"f":{"1":0,"2":0,"3":0,"4":0,"5":0,"6":0,"7":0,"8":0,"9":0,"10":0,"11":0,"12":0,"13":0,"14":0,"15":0,"16":0,"17":0,"18":0,"19":0,"20":0,"21":0,"22":0,"23":0,"24":0,"25":0,"26":0,"27":0,"28":0,"29":0,"30":0,"31":0,"32":0,"33":0,"34":0,"35":0,"36":0,"37":0,"38":0,"39":0,"40":0,"41":0,"42":0,"43":0,"44":0,"45":0,"46":0,"47":0,"48":0,"49":0,"50":0,"51":0,"52":0,"53":0},"fnMap":{"1":{"name":"(anonymous_1)","line":10,"loc":{"start":{"line":10,"column":19},"end":{"line":10,"column":29}}},"2":{"name":"(anonymous_2)","line":11,"loc":{"start":{"line":11,"column":24},"end":{"line":11,"column":34}}},"3":{"name":"(anonymous_3)","line":20,"loc":{"start":{"line":20,"column":20},"end":{"line":20,"column":30}}},"4":{"name":"(anonymous_4)","line":22,"loc":{"start":{"line":22,"column":12},"end":{"line":22,"column":22}}},"5":{"name":"(anonymous_5)","line":28,"loc":{"start":{"line":28,"column":52},"end":{"line":28,"column":62}}},"6":{"name":"(anonymous_6)","line":32,"loc":{"start":{"line":32,"column":43},"end":{"line":32,"column":53}}},"7":{"name":"(anonymous_7)","line":37,"loc":{"start":{"line":37,"column":44},"end":{"line":37,"column":54}}},"8":{"name":"(anonymous_8)","line":43,"loc":{"start":{"line":43,"column":67},"end":{"line":43,"column":77}}},"9":{"name":"(anonymous_9)","line":46,"loc":{"start":{"line":46,"column":29},"end":{"line":46,"column":39}}},"10":{"name":"(anonymous_10)","line":47,"loc":{"start":{"line":47,"column":62},"end":{"line":47,"column":72}}},"11":{"name":"(anonymous_11)","line":51,"loc":{"start":{"line":51,"column":37},"end":{"line":51,"column":47}}},"12":{"name":"(anonymous_12)","line":57,"loc":{"start":{"line":57,"column":104},"end":{"line":57,"column":114}}},"13":{"name":"(anonymous_13)","line":64,"loc":{"start":{"line":64,"column":63},"end":{"line":64,"column":73}}},"14":{"name":"(anonymous_14)","line":65,"loc":{"start":{"line":65,"column":25},"end":{"line":65,"column":35}}},"15":{"name":"(anonymous_15)","line":68,"loc":{"start":{"line":68,"column":103},"end":{"line":68,"column":113}}},"16":{"name":"(anonymous_16)","line":72,"loc":{"start":{"line":72,"column":40},"end":{"line":72,"column":50}}},"17":{"name":"(anonymous_17)","line":78,"loc":{"start":{"line":78,"column":29},"end":{"line":78,"column":39}}},"18":{"name":"(anonymous_18)","line":88,"loc":{"start":{"line":88,"column":42},"end":{"line":88,"column":52}}},"19":{"name":"(anonymous_19)","line":97,"loc":{"start":{"line":97,"column":40},"end":{"line":97,"column":50}}},"20":{"name":"(anonymous_20)","line":100,"loc":{"start":{"line":100,"column":12},"end":{"line":100,"column":22}}},"21":{"name":"(anonymous_21)","line":106,"loc":{"start":{"line":106,"column":86},"end":{"line":106,"column":96}}},"22":{"name":"(anonymous_22)","line":117,"loc":{"start":{"line":117,"column":43},"end":{"line":117,"column":53}}},"23":{"name":"(anonymous_23)","line":118,"loc":{"start":{"line":118,"column":55},"end":{"line":118,"column":65}}},"24":{"name":"(anonymous_24)","line":132,"loc":{"start":{"line":132,"column":26},"end":{"line":132,"column":36}}},"25":{"name":"(anonymous_25)","line":136,"loc":{"start":{"line":136,"column":44},"end":{"line":136,"column":54}}},"26":{"name":"(anonymous_26)","line":147,"loc":{"start":{"line":147,"column":18},"end":{"line":147,"column":28}}},"27":{"name":"(anonymous_27)","line":149,"loc":{"start":{"line":149,"column":12},"end":{"line":149,"column":22}}},"28":{"name":"(anonymous_28)","line":158,"loc":{"start":{"line":158,"column":50},"end":{"line":158,"column":60}}},"29":{"name":"(anonymous_29)","line":171,"loc":{"start":{"line":171,"column":28},"end":{"line":171,"column":38}}},"30":{"name":"(anonymous_30)","line":179,"loc":{"start":{"line":179,"column":72},"end":{"line":179,"column":82}}},"31":{"name":"(anonymous_31)","line":188,"loc":{"start":{"line":188,"column":21},"end":{"line":188,"column":31}}},"32":{"name":"(anonymous_32)","line":189,"loc":{"start":{"line":189,"column":12},"end":{"line":189,"column":22}}},"33":{"name":"(anonymous_33)","line":202,"loc":{"start":{"line":202,"column":75},"end":{"line":202,"column":85}}},"34":{"name":"(anonymous_34)","line":211,"loc":{"start":{"line":211,"column":49},"end":{"line":211,"column":59}}},"35":{"name":"(anonymous_35)","line":223,"loc":{"start":{"line":223,"column":28},"end":{"line":223,"column":38}}},"36":{"name":"(anonymous_36)","line":230,"loc":{"start":{"line":230,"column":62},"end":{"line":230,"column":72}}},"37":{"name":"(anonymous_37)","line":237,"loc":{"start":{"line":237,"column":20},"end":{"line":237,"column":30}}},"38":{"name":"(anonymous_38)","line":244,"loc":{"start":{"line":244,"column":65},"end":{"line":244,"column":75}}},"39":{"name":"(anonymous_39)","line":249,"loc":{"start":{"line":249,"column":68},"end":{"line":249,"column":78}}},"40":{"name":"(anonymous_40)","line":256,"loc":{"start":{"line":256,"column":93},"end":{"line":256,"column":103}}},"41":{"name":"(anonymous_41)","line":271,"loc":{"start":{"line":271,"column":63},"end":{"line":271,"column":73}}},"42":{"name":"(anonymous_42)","line":284,"loc":{"start":{"line":284,"column":66},"end":{"line":284,"column":76}}},"43":{"name":"(anonymous_43)","line":301,"loc":{"start":{"line":301,"column":27},"end":{"line":301,"column":37}}},"44":{"name":"(anonymous_44)","line":302,"loc":{"start":{"line":302,"column":37},"end":{"line":302,"column":47}}},"45":{"name":"(anonymous_45)","line":316,"loc":{"start":{"line":316,"column":24},"end":{"line":316,"column":34}}},"46":{"name":"(anonymous_46)","line":317,"loc":{"start":{"line":317,"column":63},"end":{"line":317,"column":73}}},"47":{"name":"(anonymous_47)","line":325,"loc":{"start":{"line":325,"column":20},"end":{"line":325,"column":30}}},"48":{"name":"(anonymous_48)","line":332,"loc":{"start":{"line":332,"column":80},"end":{"line":332,"column":90}}},"49":{"name":"(anonymous_49)","line":338,"loc":{"start":{"line":338,"column":84},"end":{"line":338,"column":94}}},"50":{"name":"(anonymous_50)","line":350,"loc":{"start":{"line":350,"column":23},"end":{"line":350,"column":33}}},"51":{"name":"(anonymous_51)","line":356,"loc":{"start":{"line":356,"column":65},"end":{"line":356,"column":75}}},"52":{"name":"(anonymous_52)","line":363,"loc":{"start":{"line":363,"column":24},"end":{"line":363,"column":34}}},"53":{"name":"(anonymous_53)","line":381,"loc":{"start":{"line":381,"column":84},"end":{"line":381,"column":94}}}},"statementMap":{"1":{"start":{"line":1,"column":0},"end":{"line":1,"column":27}},"2":{"start":{"line":2,"column":0},"end":{"line":2,"column":44}},"3":{"start":{"line":3,"column":0},"end":{"line":3,"column":55}},"4":{"start":{"line":4,"column":0},"end":{"line":4,"column":27}},"5":{"start":{"line":5,"column":0},"end":{"line":5,"column":25}},"6":{"start":{"line":6,"column":0},"end":{"line":6,"column":25}},"7":{"start":{"line":7,"column":0},"end":{"line":7,"column":27}},"8":{"start":{"line":8,"column":0},"end":{"line":8,"column":69}},"9":{"start":{"line":10,"column":0},"end":{"line":18,"column":3}},"10":{"start":{"line":11,"column":1},"end":{"line":17,"column":4}},"11":{"start":{"line":12,"column":2},"end":{"line":12,"column":47}},"12":{"start":{"line":13,"column":2},"end":{"line":13,"column":27}},"13":{"start":{"line":14,"column":2},"end":{"line":14,"column":36}},"14":{"start":{"line":15,"column":2},"end":{"line":15,"column":46}},"15":{"start":{"line":16,"column":2},"end":{"line":16,"column":44}},"16":{"start":{"line":20,"column":0},"end":{"line":95,"column":3}},"17":{"start":{"line":21,"column":1},"end":{"line":21,"column":26}},"18":{"start":{"line":22,"column":1},"end":{"line":26,"column":4}},"19":{"start":{"line":23,"column":2},"end":{"line":23,"column":52}},"20":{"start":{"line":24,"column":2},"end":{"line":24,"column":48}},"21":{"start":{"line":25,"column":2},"end":{"line":25,"column":45}},"22":{"start":{"line":28,"column":1},"end":{"line":31,"column":4}},"23":{"start":{"line":29,"column":2},"end":{"line":29,"column":43}},"24":{"start":{"line":30,"column":2},"end":{"line":30,"column":53}},"25":{"start":{"line":32,"column":1},"end":{"line":35,"column":4}},"26":{"start":{"line":33,"column":2},"end":{"line":33,"column":47}},"27":{"start":{"line":34,"column":2},"end":{"line":34,"column":44}},"28":{"start":{"line":37,"column":1},"end":{"line":42,"column":4}},"29":{"start":{"line":38,"column":2},"end":{"line":38,"column":74}},"30":{"start":{"line":39,"column":2},"end":{"line":39,"column":45}},"31":{"start":{"line":40,"column":2},"end":{"line":40,"column":50}},"32":{"start":{"line":41,"column":2},"end":{"line":41,"column":44}},"33":{"start":{"line":43,"column":1},"end":{"line":56,"column":4}},"34":{"start":{"line":44,"column":2},"end":{"line":44,"column":55}},"35":{"start":{"line":45,"column":2},"end":{"line":45,"column":55}},"36":{"start":{"line":46,"column":2},"end":{"line":55,"column":5}},"37":{"start":{"line":47,"column":3},"end":{"line":54,"column":6}},"38":{"start":{"line":48,"column":4},"end":{"line":48,"column":52}},"39":{"start":{"line":49,"column":4},"end":{"line":49,"column":70}},"40":{"start":{"line":50,"column":4},"end":{"line":50,"column":70}},"41":{"start":{"line":51,"column":4},"end":{"line":53,"column":7}},"42":{"start":{"line":52,"column":5},"end":{"line":52,"column":50}},"43":{"start":{"line":57,"column":1},"end":{"line":63,"column":4}},"44":{"start":{"line":58,"column":2},"end":{"line":58,"column":55}},"45":{"start":{"line":59,"column":2},"end":{"line":59,"column":29}},"46":{"start":{"line":60,"column":2},"end":{"line":60,"column":51}},"47":{"start":{"line":61,"column":2},"end":{"line":61,"column":70}},"48":{"start":{"line":62,"column":2},"end":{"line":62,"column":48}},"49":{"start":{"line":64,"column":1},"end":{"line":94,"column":4}},"50":{"start":{"line":65,"column":2},"end":{"line":77,"column":5}},"51":{"start":{"line":66,"column":3},"end":{"line":66,"column":71}},"52":{"start":{"line":67,"column":3},"end":{"line":67,"column":84}},"53":{"start":{"line":68,"column":3},"end":{"line":71,"column":6}},"54":{"start":{"line":69,"column":4},"end":{"line":69,"column":85}},"55":{"start":{"line":70,"column":4},"end":{"line":70,"column":54}},"56":{"start":{"line":72,"column":3},"end":{"line":76,"column":6}},"57":{"start":{"line":73,"column":4},"end":{"line":73,"column":56}},"58":{"start":{"line":74,"column":4},"end":{"line":74,"column":49}},"59":{"start":{"line":75,"column":4},"end":{"line":75,"column":53}},"60":{"start":{"line":78,"column":2},"end":{"line":93,"column":5}},"61":{"start":{"line":79,"column":3},"end":{"line":87,"column":5}},"62":{"start":{"line":88,"column":3},"end":{"line":92,"column":6}},"63":{"start":{"line":89,"column":4},"end":{"line":89,"column":55}},"64":{"start":{"line":90,"column":4},"end":{"line":90,"column":58}},"65":{"start":{"line":91,"column":4},"end":{"line":91,"column":55}},"66":{"start":{"line":97,"column":0},"end":{"line":130,"column":3}},"67":{"start":{"line":98,"column":1},"end":{"line":98,"column":20}},"68":{"start":{"line":99,"column":1},"end":{"line":99,"column":26}},"69":{"start":{"line":100,"column":1},"end":{"line":105,"column":4}},"70":{"start":{"line":101,"column":2},"end":{"line":101,"column":52}},"71":{"start":{"line":102,"column":2},"end":{"line":102,"column":48}},"72":{"start":{"line":103,"column":2},"end":{"line":103,"column":45}},"73":{"start":{"line":104,"column":2},"end":{"line":104,"column":29}},"74":{"start":{"line":106,"column":1},"end":{"line":116,"column":4}},"75":{"start":{"line":107,"column":2},"end":{"line":107,"column":35}},"76":{"start":{"line":108,"column":2},"end":{"line":108,"column":33}},"77":{"start":{"line":109,"column":2},"end":{"line":109,"column":37}},"78":{"start":{"line":110,"column":2},"end":{"line":110,"column":26}},"79":{"start":{"line":111,"column":2},"end":{"line":111,"column":44}},"80":{"start":{"line":112,"column":2},"end":{"line":112,"column":40}},"81":{"start":{"line":113,"column":2},"end":{"line":113,"column":33}},"82":{"start":{"line":114,"column":2},"end":{"line":114,"column":24}},"83":{"start":{"line":115,"column":2},"end":{"line":115,"column":39}},"84":{"start":{"line":117,"column":1},"end":{"line":129,"column":4}},"85":{"start":{"line":118,"column":2},"end":{"line":128,"column":5}},"86":{"start":{"line":119,"column":3},"end":{"line":119,"column":36}},"87":{"start":{"line":120,"column":3},"end":{"line":120,"column":34}},"88":{"start":{"line":121,"column":3},"end":{"line":121,"column":38}},"89":{"start":{"line":122,"column":3},"end":{"line":122,"column":29}},"90":{"start":{"line":123,"column":3},"end":{"line":123,"column":41}},"91":{"start":{"line":124,"column":3},"end":{"line":124,"column":34}},"92":{"start":{"line":125,"column":3},"end":{"line":125,"column":25}},"93":{"start":{"line":126,"column":3},"end":{"line":126,"column":27}},"94":{"start":{"line":127,"column":3},"end":{"line":127,"column":39}},"95":{"start":{"line":132,"column":0},"end":{"line":145,"column":3}},"96":{"start":{"line":133,"column":1},"end":{"line":133,"column":55}},"97":{"start":{"line":134,"column":1},"end":{"line":134,"column":51}},"98":{"start":{"line":135,"column":1},"end":{"line":135,"column":20}},"99":{"start":{"line":136,"column":1},"end":{"line":144,"column":4}},"100":{"start":{"line":137,"column":2},"end":{"line":137,"column":63}},"101":{"start":{"line":138,"column":2},"end":{"line":138,"column":62}},"102":{"start":{"line":139,"column":2},"end":{"line":139,"column":44}},"103":{"start":{"line":140,"column":2},"end":{"line":140,"column":43}},"104":{"start":{"line":141,"column":2},"end":{"line":141,"column":58}},"105":{"start":{"line":142,"column":2},"end":{"line":142,"column":43}},"106":{"start":{"line":143,"column":2},"end":{"line":143,"column":44}},"107":{"start":{"line":147,"column":0},"end":{"line":168,"column":3}},"108":{"start":{"line":148,"column":1},"end":{"line":148,"column":29}},"109":{"start":{"line":149,"column":1},"end":{"line":157,"column":4}},"110":{"start":{"line":150,"column":2},"end":{"line":150,"column":52}},"111":{"start":{"line":151,"column":2},"end":{"line":151,"column":52}},"112":{"start":{"line":152,"column":2},"end":{"line":152,"column":48}},"113":{"start":{"line":153,"column":2},"end":{"line":153,"column":21}},"114":{"start":{"line":154,"column":2},"end":{"line":154,"column":29}},"115":{"start":{"line":155,"column":2},"end":{"line":155,"column":29}},"116":{"start":{"line":156,"column":2},"end":{"line":156,"column":30}},"117":{"start":{"line":158,"column":1},"end":{"line":167,"column":4}},"118":{"start":{"line":159,"column":2},"end":{"line":159,"column":41}},"119":{"start":{"line":160,"column":2},"end":{"line":160,"column":49}},"120":{"start":{"line":161,"column":2},"end":{"line":161,"column":35}},"121":{"start":{"line":162,"column":2},"end":{"line":162,"column":73}},"122":{"start":{"line":163,"column":2},"end":{"line":163,"column":62}},"123":{"start":{"line":164,"column":2},"end":{"line":164,"column":67}},"124":{"start":{"line":165,"column":2},"end":{"line":165,"column":64}},"125":{"start":{"line":166,"column":2},"end":{"line":166,"column":66}},"126":{"start":{"line":171,"column":0},"end":{"line":186,"column":3}},"127":{"start":{"line":172,"column":1},"end":{"line":172,"column":55}},"128":{"start":{"line":173,"column":1},"end":{"line":173,"column":51}},"129":{"start":{"line":174,"column":1},"end":{"line":174,"column":48}},"130":{"start":{"line":175,"column":1},"end":{"line":175,"column":30}},"131":{"start":{"line":176,"column":1},"end":{"line":176,"column":28}},"132":{"start":{"line":177,"column":1},"end":{"line":177,"column":28}},"133":{"start":{"line":178,"column":1},"end":{"line":178,"column":28}},"134":{"start":{"line":179,"column":1},"end":{"line":185,"column":4}},"135":{"start":{"line":180,"column":2},"end":{"line":180,"column":53}},"136":{"start":{"line":181,"column":2},"end":{"line":181,"column":35}},"137":{"start":{"line":182,"column":2},"end":{"line":182,"column":71}},"138":{"start":{"line":183,"column":2},"end":{"line":183,"column":53}},"139":{"start":{"line":184,"column":2},"end":{"line":184,"column":72}},"140":{"start":{"line":188,"column":0},"end":{"line":220,"column":3}},"141":{"start":{"line":189,"column":1},"end":{"line":201,"column":4}},"142":{"start":{"line":190,"column":2},"end":{"line":190,"column":52}},"143":{"start":{"line":191,"column":2},"end":{"line":191,"column":52}},"144":{"start":{"line":192,"column":2},"end":{"line":192,"column":48}},"145":{"start":{"line":193,"column":2},"end":{"line":193,"column":29}},"146":{"start":{"line":194,"column":2},"end":{"line":194,"column":30}},"147":{"start":{"line":195,"column":2},"end":{"line":195,"column":53}},"148":{"start":{"line":196,"column":2},"end":{"line":200,"column":3}},"149":{"start":{"line":202,"column":1},"end":{"line":210,"column":4}},"150":{"start":{"line":203,"column":2},"end":{"line":203,"column":25}},"151":{"start":{"line":204,"column":2},"end":{"line":204,"column":71}},"152":{"start":{"line":205,"column":2},"end":{"line":205,"column":38}},"153":{"start":{"line":206,"column":2},"end":{"line":206,"column":50}},"154":{"start":{"line":207,"column":2},"end":{"line":207,"column":89}},"155":{"start":{"line":208,"column":2},"end":{"line":208,"column":71}},"156":{"start":{"line":209,"column":2},"end":{"line":209,"column":74}},"157":{"start":{"line":211,"column":1},"end":{"line":219,"column":4}},"158":{"start":{"line":212,"column":2},"end":{"line":212,"column":25}},"159":{"start":{"line":213,"column":2},"end":{"line":213,"column":69}},"160":{"start":{"line":214,"column":2},"end":{"line":214,"column":38}},"161":{"start":{"line":215,"column":2},"end":{"line":215,"column":50}},"162":{"start":{"line":216,"column":2},"end":{"line":216,"column":89}},"163":{"start":{"line":217,"column":2},"end":{"line":217,"column":69}},"164":{"start":{"line":218,"column":2},"end":{"line":218,"column":75}},"165":{"start":{"line":223,"column":0},"end":{"line":235,"column":3}},"166":{"start":{"line":224,"column":1},"end":{"line":224,"column":55}},"167":{"start":{"line":225,"column":1},"end":{"line":225,"column":51}},"168":{"start":{"line":226,"column":1},"end":{"line":226,"column":48}},"169":{"start":{"line":227,"column":1},"end":{"line":227,"column":30}},"170":{"start":{"line":228,"column":1},"end":{"line":228,"column":28}},"171":{"start":{"line":229,"column":1},"end":{"line":229,"column":28}},"172":{"start":{"line":230,"column":1},"end":{"line":234,"column":4}},"173":{"start":{"line":231,"column":2},"end":{"line":231,"column":57}},"174":{"start":{"line":232,"column":2},"end":{"line":232,"column":32}},"175":{"start":{"line":233,"column":2},"end":{"line":233,"column":39}},"176":{"start":{"line":237,"column":0},"end":{"line":299,"column":3}},"177":{"start":{"line":238,"column":1},"end":{"line":238,"column":53}},"178":{"start":{"line":239,"column":1},"end":{"line":239,"column":51}},"179":{"start":{"line":240,"column":1},"end":{"line":240,"column":47}},"180":{"start":{"line":241,"column":2},"end":{"line":241,"column":29}},"181":{"start":{"line":242,"column":2},"end":{"line":242,"column":29}},"182":{"start":{"line":244,"column":1},"end":{"line":248,"column":4}},"183":{"start":{"line":245,"column":2},"end":{"line":245,"column":90}},"184":{"start":{"line":246,"column":2},"end":{"line":246,"column":51}},"185":{"start":{"line":247,"column":2},"end":{"line":247,"column":51}},"186":{"start":{"line":249,"column":1},"end":{"line":255,"column":4}},"187":{"start":{"line":250,"column":2},"end":{"line":250,"column":53}},"188":{"start":{"line":251,"column":2},"end":{"line":251,"column":37}},"189":{"start":{"line":252,"column":2},"end":{"line":252,"column":39}},"190":{"start":{"line":253,"column":2},"end":{"line":253,"column":51}},"191":{"start":{"line":254,"column":2},"end":{"line":254,"column":47}},"192":{"start":{"line":256,"column":1},"end":{"line":270,"column":4}},"193":{"start":{"line":257,"column":2},"end":{"line":265,"column":4}},"194":{"start":{"line":266,"column":2},"end":{"line":266,"column":82}},"195":{"start":{"line":267,"column":2},"end":{"line":267,"column":88}},"196":{"start":{"line":268,"column":2},"end":{"line":268,"column":39}},"197":{"start":{"line":269,"column":2},"end":{"line":269,"column":51}},"198":{"start":{"line":271,"column":1},"end":{"line":283,"column":4}},"199":{"start":{"line":272,"column":2},"end":{"line":280,"column":4}},"200":{"start":{"line":281,"column":2},"end":{"line":281,"column":93}},"201":{"start":{"line":282,"column":2},"end":{"line":282,"column":37}},"202":{"start":{"line":284,"column":1},"end":{"line":298,"column":4}},"203":{"start":{"line":285,"column":2},"end":{"line":293,"column":4}},"204":{"start":{"line":294,"column":2},"end":{"line":294,"column":92}},"205":{"start":{"line":295,"column":2},"end":{"line":295,"column":38}},"206":{"start":{"line":296,"column":2},"end":{"line":296,"column":39}},"207":{"start":{"line":297,"column":2},"end":{"line":297,"column":51}},"208":{"start":{"line":301,"column":0},"end":{"line":314,"column":3}},"209":{"start":{"line":302,"column":1},"end":{"line":313,"column":4}},"210":{"start":{"line":303,"column":2},"end":{"line":303,"column":52}},"211":{"start":{"line":304,"column":2},"end":{"line":304,"column":52}},"212":{"start":{"line":305,"column":2},"end":{"line":305,"column":48}},"213":{"start":{"line":306,"column":2},"end":{"line":306,"column":29}},"214":{"start":{"line":307,"column":2},"end":{"line":307,"column":30}},"215":{"start":{"line":308,"column":2},"end":{"line":308,"column":68}},"216":{"start":{"line":309,"column":2},"end":{"line":309,"column":66}},"217":{"start":{"line":310,"column":2},"end":{"line":310,"column":63}},"218":{"start":{"line":311,"column":2},"end":{"line":311,"column":67}},"219":{"start":{"line":312,"column":2},"end":{"line":312,"column":64}},"220":{"start":{"line":316,"column":0},"end":{"line":323,"column":3}},"221":{"start":{"line":317,"column":1},"end":{"line":322,"column":4}},"222":{"start":{"line":318,"column":2},"end":{"line":318,"column":68}},"223":{"start":{"line":319,"column":2},"end":{"line":319,"column":65}},"224":{"start":{"line":320,"column":2},"end":{"line":320,"column":56}},"225":{"start":{"line":321,"column":2},"end":{"line":321,"column":55}},"226":{"start":{"line":325,"column":0},"end":{"line":348,"column":3}},"227":{"start":{"line":326,"column":1},"end":{"line":326,"column":53}},"228":{"start":{"line":327,"column":1},"end":{"line":327,"column":51}},"229":{"start":{"line":328,"column":1},"end":{"line":328,"column":47}},"230":{"start":{"line":329,"column":1},"end":{"line":329,"column":28}},"231":{"start":{"line":330,"column":1},"end":{"line":330,"column":28}},"232":{"start":{"line":331,"column":1},"end":{"line":331,"column":69}},"233":{"start":{"line":332,"column":1},"end":{"line":337,"column":4}},"234":{"start":{"line":333,"column":2},"end":{"line":333,"column":35}},"235":{"start":{"line":334,"column":2},"end":{"line":334,"column":22}},"236":{"start":{"line":335,"column":2},"end":{"line":335,"column":43}},"237":{"start":{"line":336,"column":2},"end":{"line":336,"column":35}},"238":{"start":{"line":338,"column":1},"end":{"line":347,"column":4}},"239":{"start":{"line":339,"column":2},"end":{"line":339,"column":72}},"240":{"start":{"line":340,"column":2},"end":{"line":340,"column":111}},"241":{"start":{"line":341,"column":2},"end":{"line":341,"column":35}},"242":{"start":{"line":342,"column":2},"end":{"line":342,"column":22}},"243":{"start":{"line":343,"column":2},"end":{"line":343,"column":47}},"244":{"start":{"line":344,"column":2},"end":{"line":344,"column":51}},"245":{"start":{"line":345,"column":2},"end":{"line":345,"column":39}},"246":{"start":{"line":346,"column":2},"end":{"line":346,"column":84}},"247":{"start":{"line":350,"column":0},"end":{"line":361,"column":3}},"248":{"start":{"line":351,"column":1},"end":{"line":351,"column":53}},"249":{"start":{"line":352,"column":1},"end":{"line":352,"column":51}},"250":{"start":{"line":353,"column":1},"end":{"line":353,"column":47}},"251":{"start":{"line":354,"column":1},"end":{"line":354,"column":128}},"252":{"start":{"line":355,"column":1},"end":{"line":355,"column":127}},"253":{"start":{"line":356,"column":1},"end":{"line":360,"column":4}},"254":{"start":{"line":357,"column":2},"end":{"line":357,"column":25}},"255":{"start":{"line":358,"column":2},"end":{"line":358,"column":35}},"256":{"start":{"line":359,"column":2},"end":{"line":359,"column":36}},"257":{"start":{"line":363,"column":0},"end":{"line":388,"column":3}},"258":{"start":{"line":364,"column":1},"end":{"line":380,"column":2}},"259":{"start":{"line":381,"column":1},"end":{"line":387,"column":4}},"260":{"start":{"line":382,"column":2},"end":{"line":382,"column":74}},"261":{"start":{"line":383,"column":2},"end":{"line":383,"column":30}},"262":{"start":{"line":384,"column":2},"end":{"line":384,"column":48}},"263":{"start":{"line":385,"column":2},"end":{"line":385,"column":52}},"264":{"start":{"line":386,"column":2},"end":{"line":386,"column":55}}},"branchMap":{}}}