{"/Users/jitendrs/uno/lib/cards.js":{"path":"/Users/jitendrs/uno/lib/cards.js","s":{"1":1,"2":1,"3":112,"4":1456,"5":1456,"6":1456,"7":1456,"8":1456,"9":1456,"10":1456,"11":1456,"12":112,"13":1,"14":112,"15":224,"16":224,"17":224,"18":224,"19":224,"20":224,"21":112,"22":1,"23":28,"24":28,"25":28,"26":28,"27":28,"28":112,"29":112,"30":28},"b":{"1":[1456,1008],"2":[336,1120],"3":[1456,448],"4":[336,1120],"5":[1456,448],"6":[112,1344]},"f":{"1":112,"2":1456,"3":112,"4":224,"5":28,"6":112},"fnMap":{"1":{"name":"(anonymous_1)","line":3,"loc":{"start":{"line":3,"column":23},"end":{"line":3,"column":54}}},"2":{"name":"(anonymous_2)","line":4,"loc":{"start":{"line":4,"column":15},"end":{"line":4,"column":34}}},"3":{"name":"(anonymous_3)","line":20,"loc":{"start":{"line":20,"column":20},"end":{"line":20,"column":49}}},"4":{"name":"(anonymous_4)","line":21,"loc":{"start":{"line":21,"column":19},"end":{"line":21,"column":33}}},"5":{"name":"(anonymous_5)","line":33,"loc":{"start":{"line":33,"column":21},"end":{"line":33,"column":31}}},"6":{"name":"(anonymous_6)","line":38,"loc":{"start":{"line":38,"column":16},"end":{"line":38,"column":32}}}},"statementMap":{"1":{"start":{"line":1,"column":0},"end":{"line":1,"column":28}},"2":{"start":{"line":3,"column":0},"end":{"line":17,"column":1}},"3":{"start":{"line":4,"column":1},"end":{"line":15,"column":4}},"4":{"start":{"line":5,"column":2},"end":{"line":5,"column":19}},"5":{"start":{"line":6,"column":2},"end":{"line":6,"column":22}},"6":{"start":{"line":7,"column":2},"end":{"line":7,"column":26}},"7":{"start":{"line":8,"column":2},"end":{"line":8,"column":44}},"8":{"start":{"line":9,"column":2},"end":{"line":9,"column":27}},"9":{"start":{"line":10,"column":2},"end":{"line":10,"column":67}},"10":{"start":{"line":11,"column":2},"end":{"line":11,"column":80}},"11":{"start":{"line":12,"column":2},"end":{"line":14,"column":30}},"12":{"start":{"line":16,"column":1},"end":{"line":16,"column":18}},"13":{"start":{"line":20,"column":0},"end":{"line":30,"column":2}},"14":{"start":{"line":21,"column":1},"end":{"line":28,"column":4}},"15":{"start":{"line":22,"column":2},"end":{"line":22,"column":23}},"16":{"start":{"line":23,"column":2},"end":{"line":23,"column":25}},"17":{"start":{"line":24,"column":2},"end":{"line":24,"column":25}},"18":{"start":{"line":25,"column":2},"end":{"line":25,"column":25}},"19":{"start":{"line":26,"column":2},"end":{"line":26,"column":23}},"20":{"start":{"line":27,"column":2},"end":{"line":27,"column":27}},"21":{"start":{"line":29,"column":1},"end":{"line":29,"column":18}},"22":{"start":{"line":33,"column":0},"end":{"line":43,"column":2}},"23":{"start":{"line":34,"column":1},"end":{"line":34,"column":46}},"24":{"start":{"line":35,"column":1},"end":{"line":35,"column":82}},"25":{"start":{"line":36,"column":1},"end":{"line":36,"column":42}},"26":{"start":{"line":37,"column":1},"end":{"line":37,"column":20}},"27":{"start":{"line":38,"column":1},"end":{"line":41,"column":4}},"28":{"start":{"line":39,"column":2},"end":{"line":39,"column":42}},"29":{"start":{"line":40,"column":2},"end":{"line":40,"column":39}},"30":{"start":{"line":42,"column":1},"end":{"line":42,"column":18}}},"branchMap":{"1":{"line":8,"type":"binary-expr","locations":[{"start":{"line":8,"column":17},"end":{"line":8,"column":27}},{"start":{"line":8,"column":31},"end":{"line":8,"column":43}}]},"2":{"line":10,"type":"cond-expr","locations":[{"start":{"line":10,"column":51},"end":{"line":10,"column":53}},{"start":{"line":10,"column":56},"end":{"line":10,"column":66}}]},"3":{"line":10,"type":"binary-expr","locations":[{"start":{"line":10,"column":17},"end":{"line":10,"column":28}},{"start":{"line":10,"column":32},"end":{"line":10,"column":47}}]},"4":{"line":11,"type":"cond-expr","locations":[{"start":{"line":11,"column":55},"end":{"line":11,"column":64}},{"start":{"line":11,"column":67},"end":{"line":11,"column":79}}]},"5":{"line":11,"type":"binary-expr","locations":[{"start":{"line":11,"column":17},"end":{"line":11,"column":29}},{"start":{"line":11,"column":33},"end":{"line":11,"column":51}}]},"6":{"line":12,"type":"cond-expr","locations":[{"start":{"line":13,"column":4},"end":{"line":13,"column":24}},{"start":{"line":14,"column":4},"end":{"line":14,"column":29}}]}}},"/Users/jitendrs/uno/lib/croupier.js":{"path":"/Users/jitendrs/uno/lib/croupier.js","s":{"1":1,"2":1,"3":1,"4":1,"5":1,"6":1,"7":39,"8":1,"9":26,"10":26,"11":26,"12":1,"13":3,"14":1,"15":16,"16":16,"17":32,"18":32,"19":1,"20":12,"21":12,"22":4,"23":4,"24":4,"25":12,"26":1,"27":4,"28":4,"29":4,"30":4,"31":4,"32":4,"33":4,"34":1,"35":1,"36":2,"37":2,"38":4,"39":2,"40":1,"41":3,"42":3,"43":3,"44":3,"45":3,"46":1,"47":6,"48":1,"49":5,"50":5,"51":5,"52":35,"53":5,"54":5,"55":4,"56":1,"57":3,"58":0,"59":3,"60":3,"61":2,"62":1,"63":3,"64":3,"65":3,"66":3,"67":3,"68":1,"69":3,"70":0,"71":3,"72":3,"73":2,"74":1,"75":2,"76":1,"77":1,"78":1,"79":1,"80":1,"81":54,"82":54,"83":54,"84":54,"85":54,"86":1,"87":7,"88":7,"89":1,"90":6,"91":1,"92":2,"93":2,"94":2,"95":1,"96":22,"97":1,"98":2,"99":4,"100":2,"101":1,"102":2,"103":2,"104":95,"105":7,"106":95,"107":2},"b":{"1":[4,0],"2":[35,31],"3":[5,5,0],"4":[4,1],"5":[1,3],"6":[0,3],"7":[3,3,3],"8":[2,1],"9":[3,1],"10":[0,3],"11":[2,1],"12":[1,1],"13":[2,2],"14":[1,6],"15":[2,2,2,1],"16":[7,88],"17":[95,92]},"f":{"1":39,"2":26,"3":3,"4":16,"5":32,"6":12,"7":4,"8":1,"9":2,"10":4,"11":3,"12":6,"13":5,"14":35,"15":3,"16":3,"17":2,"18":54,"19":7,"20":2,"21":22,"22":2,"23":4,"24":2,"25":95},"fnMap":{"1":{"name":"(anonymous_1)","line":7,"loc":{"start":{"line":7,"column":19},"end":{"line":7,"column":37}}},"2":{"name":"(anonymous_2)","line":11,"loc":{"start":{"line":11,"column":15},"end":{"line":11,"column":32}}},"3":{"name":"(anonymous_3)","line":17,"loc":{"start":{"line":17,"column":21},"end":{"line":17,"column":38}}},"4":{"name":"(anonymous_4)","line":21,"loc":{"start":{"line":21,"column":41},"end":{"line":21,"column":51}}},"5":{"name":"(anonymous_5)","line":23,"loc":{"start":{"line":23,"column":25},"end":{"line":23,"column":41}}},"6":{"name":"(anonymous_6)","line":29,"loc":{"start":{"line":29,"column":41},"end":{"line":29,"column":51}}},"7":{"name":"(anonymous_7)","line":39,"loc":{"start":{"line":39,"column":39},"end":{"line":39,"column":53}}},"8":{"name":"(anonymous_8)","line":53,"loc":{"start":{"line":53,"column":37},"end":{"line":53,"column":47}}},"9":{"name":"(anonymous_9)","line":54,"loc":{"start":{"line":54,"column":18},"end":{"line":54,"column":34}}},"10":{"name":"(anonymous_10)","line":56,"loc":{"start":{"line":56,"column":22},"end":{"line":56,"column":36}}},"11":{"name":"(anonymous_11)","line":63,"loc":{"start":{"line":63,"column":37},"end":{"line":63,"column":57}}},"12":{"name":"(anonymous_12)","line":76,"loc":{"start":{"line":76,"column":42},"end":{"line":76,"column":54}}},"13":{"name":"(anonymous_13)","line":80,"loc":{"start":{"line":80,"column":34},"end":{"line":80,"column":69}}},"14":{"name":"(anonymous_14)","line":83,"loc":{"start":{"line":83,"column":44},"end":{"line":83,"column":58}}},"15":{"name":"(anonymous_15)","line":97,"loc":{"start":{"line":97,"column":35},"end":{"line":97,"column":45}}},"16":{"name":"(anonymous_16)","line":105,"loc":{"start":{"line":105,"column":32},"end":{"line":105,"column":58}}},"17":{"name":"(anonymous_17)","line":111,"loc":{"start":{"line":111,"column":34},"end":{"line":111,"column":50}}},"18":{"name":"(anonymous_18)","line":120,"loc":{"start":{"line":120,"column":13},"end":{"line":120,"column":30}}},"19":{"name":"(anonymous_19)","line":128,"loc":{"start":{"line":128,"column":23},"end":{"line":128,"column":51}}},"20":{"name":"(anonymous_20)","line":134,"loc":{"start":{"line":134,"column":16},"end":{"line":134,"column":39}}},"21":{"name":"(anonymous_21)","line":143,"loc":{"start":{"line":143,"column":19},"end":{"line":143,"column":33}}},"22":{"name":"(anonymous_22)","line":147,"loc":{"start":{"line":147,"column":22},"end":{"line":147,"column":39}}},"23":{"name":"(anonymous_23)","line":148,"loc":{"start":{"line":148,"column":29},"end":{"line":148,"column":45}}},"24":{"name":"(anonymous_24)","line":154,"loc":{"start":{"line":154,"column":19},"end":{"line":154,"column":33}}},"25":{"name":"(anonymous_25)","line":156,"loc":{"start":{"line":156,"column":53},"end":{"line":156,"column":67}}}},"statementMap":{"1":{"start":{"line":1,"column":0},"end":{"line":1,"column":28}},"2":{"start":{"line":2,"column":0},"end":{"line":2,"column":13}},"3":{"start":{"line":3,"column":0},"end":{"line":3,"column":18}},"4":{"start":{"line":4,"column":0},"end":{"line":4,"column":41}},"5":{"start":{"line":5,"column":0},"end":{"line":5,"column":64}},"6":{"start":{"line":7,"column":0},"end":{"line":9,"column":2}},"7":{"start":{"line":8,"column":1},"end":{"line":8,"column":29}},"8":{"start":{"line":11,"column":0},"end":{"line":15,"column":2}},"9":{"start":{"line":12,"column":1},"end":{"line":12,"column":42}},"10":{"start":{"line":13,"column":1},"end":{"line":13,"column":24}},"11":{"start":{"line":14,"column":1},"end":{"line":14,"column":25}},"12":{"start":{"line":17,"column":0},"end":{"line":19,"column":1}},"13":{"start":{"line":18,"column":1},"end":{"line":18,"column":41}},"14":{"start":{"line":21,"column":0},"end":{"line":27,"column":2}},"15":{"start":{"line":22,"column":1},"end":{"line":22,"column":30}},"16":{"start":{"line":23,"column":1},"end":{"line":26,"column":4}},"17":{"start":{"line":24,"column":2},"end":{"line":24,"column":37}},"18":{"start":{"line":25,"column":2},"end":{"line":25,"column":16}},"19":{"start":{"line":29,"column":0},"end":{"line":37,"column":2}},"20":{"start":{"line":30,"column":1},"end":{"line":30,"column":34}},"21":{"start":{"line":31,"column":1},"end":{"line":35,"column":2}},"22":{"start":{"line":32,"column":2},"end":{"line":32,"column":25}},"23":{"start":{"line":33,"column":2},"end":{"line":33,"column":31}},"24":{"start":{"line":34,"column":2},"end":{"line":34,"column":34}},"25":{"start":{"line":36,"column":1},"end":{"line":36,"column":31}},"26":{"start":{"line":39,"column":0},"end":{"line":51,"column":2}},"27":{"start":{"line":40,"column":1},"end":{"line":45,"column":3}},"28":{"start":{"line":46,"column":1},"end":{"line":46,"column":65}},"29":{"start":{"line":46,"column":10},"end":{"line":46,"column":65}},"30":{"start":{"line":47,"column":1},"end":{"line":47,"column":48}},"31":{"start":{"line":48,"column":1},"end":{"line":48,"column":38}},"32":{"start":{"line":49,"column":1},"end":{"line":49,"column":36}},"33":{"start":{"line":50,"column":1},"end":{"line":50,"column":63}},"34":{"start":{"line":53,"column":0},"end":{"line":61,"column":2}},"35":{"start":{"line":54,"column":1},"end":{"line":60,"column":4}},"36":{"start":{"line":55,"column":2},"end":{"line":55,"column":17}},"37":{"start":{"line":56,"column":2},"end":{"line":58,"column":5}},"38":{"start":{"line":57,"column":3},"end":{"line":57,"column":24}},"39":{"start":{"line":59,"column":2},"end":{"line":59,"column":25}},"40":{"start":{"line":63,"column":0},"end":{"line":74,"column":2}},"41":{"start":{"line":64,"column":1},"end":{"line":69,"column":3}},"42":{"start":{"line":70,"column":1},"end":{"line":70,"column":56}},"43":{"start":{"line":71,"column":1},"end":{"line":71,"column":48}},"44":{"start":{"line":72,"column":1},"end":{"line":72,"column":38}},"45":{"start":{"line":73,"column":1},"end":{"line":73,"column":36}},"46":{"start":{"line":76,"column":0},"end":{"line":78,"column":2}},"47":{"start":{"line":77,"column":1},"end":{"line":77,"column":38}},"48":{"start":{"line":80,"column":0},"end":{"line":95,"column":2}},"49":{"start":{"line":81,"column":1},"end":{"line":81,"column":53}},"50":{"start":{"line":82,"column":1},"end":{"line":82,"column":67}},"51":{"start":{"line":83,"column":1},"end":{"line":85,"column":4}},"52":{"start":{"line":84,"column":2},"end":{"line":84,"column":74}},"53":{"start":{"line":86,"column":1},"end":{"line":86,"column":84}},"54":{"start":{"line":87,"column":1},"end":{"line":94,"column":2}},"55":{"start":{"line":88,"column":2},"end":{"line":93,"column":3}},"56":{"start":{"line":88,"column":18},"end":{"line":88,"column":34}},"57":{"start":{"line":89,"column":7},"end":{"line":93,"column":3}},"58":{"start":{"line":89,"column":91},"end":{"line":89,"column":98}},"59":{"start":{"line":91,"column":3},"end":{"line":91,"column":36}},"60":{"start":{"line":92,"column":3},"end":{"line":92,"column":71}},"61":{"start":{"line":92,"column":36},"end":{"line":92,"column":71}},"62":{"start":{"line":97,"column":0},"end":{"line":103,"column":3}},"63":{"start":{"line":98,"column":1},"end":{"line":98,"column":53}},"64":{"start":{"line":99,"column":1},"end":{"line":99,"column":41}},"65":{"start":{"line":100,"column":2},"end":{"line":100,"column":53}},"66":{"start":{"line":101,"column":2},"end":{"line":101,"column":41}},"67":{"start":{"line":102,"column":2},"end":{"line":102,"column":32}},"68":{"start":{"line":105,"column":0},"end":{"line":109,"column":2}},"69":{"start":{"line":106,"column":1},"end":{"line":106,"column":37}},"70":{"start":{"line":106,"column":30},"end":{"line":106,"column":37}},"71":{"start":{"line":107,"column":1},"end":{"line":107,"column":69}},"72":{"start":{"line":108,"column":1},"end":{"line":108,"column":67}},"73":{"start":{"line":108,"column":37},"end":{"line":108,"column":67}},"74":{"start":{"line":111,"column":0},"end":{"line":118,"column":2}},"75":{"start":{"line":112,"column":1},"end":{"line":116,"column":2}},"76":{"start":{"line":113,"column":2},"end":{"line":113,"column":40}},"77":{"start":{"line":114,"column":2},"end":{"line":114,"column":40}},"78":{"start":{"line":115,"column":2},"end":{"line":115,"column":14}},"79":{"start":{"line":117,"column":1},"end":{"line":117,"column":14}},"80":{"start":{"line":120,"column":0},"end":{"line":126,"column":2}},"81":{"start":{"line":121,"column":1},"end":{"line":121,"column":18}},"82":{"start":{"line":122,"column":1},"end":{"line":122,"column":14}},"83":{"start":{"line":123,"column":1},"end":{"line":123,"column":16}},"84":{"start":{"line":124,"column":1},"end":{"line":124,"column":21}},"85":{"start":{"line":125,"column":1},"end":{"line":125,"column":22}},"86":{"start":{"line":128,"column":0},"end":{"line":132,"column":2}},"87":{"start":{"line":129,"column":1},"end":{"line":129,"column":52}},"88":{"start":{"line":130,"column":1},"end":{"line":130,"column":33}},"89":{"start":{"line":130,"column":20},"end":{"line":130,"column":33}},"90":{"start":{"line":131,"column":1},"end":{"line":131,"column":42}},"91":{"start":{"line":134,"column":0},"end":{"line":141,"column":2}},"92":{"start":{"line":135,"column":1},"end":{"line":135,"column":53}},"93":{"start":{"line":136,"column":1},"end":{"line":136,"column":56}},"94":{"start":{"line":137,"column":1},"end":{"line":140,"column":36}},"95":{"start":{"line":143,"column":0},"end":{"line":145,"column":2}},"96":{"start":{"line":144,"column":1},"end":{"line":144,"column":36}},"97":{"start":{"line":147,"column":0},"end":{"line":152,"column":2}},"98":{"start":{"line":148,"column":1},"end":{"line":150,"column":4}},"99":{"start":{"line":149,"column":2},"end":{"line":149,"column":33}},"100":{"start":{"line":151,"column":1},"end":{"line":151,"column":27}},"101":{"start":{"line":154,"column":0},"end":{"line":163,"column":2}},"102":{"start":{"line":155,"column":1},"end":{"line":155,"column":87}},"103":{"start":{"line":156,"column":1},"end":{"line":161,"column":4}},"104":{"start":{"line":157,"column":2},"end":{"line":159,"column":3}},"105":{"start":{"line":158,"column":3},"end":{"line":158,"column":19}},"106":{"start":{"line":160,"column":2},"end":{"line":160,"column":14}},"107":{"start":{"line":162,"column":1},"end":{"line":162,"column":80}}},"branchMap":{"1":{"line":46,"type":"if","locations":[{"start":{"line":46,"column":1},"end":{"line":46,"column":1}},{"start":{"line":46,"column":1},"end":{"line":46,"column":1}}]},"2":{"line":84,"type":"binary-expr","locations":[{"start":{"line":84,"column":9},"end":{"line":84,"column":40}},{"start":{"line":84,"column":44},"end":{"line":84,"column":73}}]},"3":{"line":86,"type":"binary-expr","locations":[{"start":{"line":86,"column":2},"end":{"line":86,"column":24}},{"start":{"line":86,"column":30},"end":{"line":86,"column":62}},{"start":{"line":86,"column":67},"end":{"line":86,"column":83}}]},"4":{"line":87,"type":"if","locations":[{"start":{"line":87,"column":1},"end":{"line":87,"column":1}},{"start":{"line":87,"column":1},"end":{"line":87,"column":1}}]},"5":{"line":88,"type":"if","locations":[{"start":{"line":88,"column":2},"end":{"line":88,"column":2}},{"start":{"line":88,"column":2},"end":{"line":88,"column":2}}]},"6":{"line":89,"type":"if","locations":[{"start":{"line":89,"column":7},"end":{"line":89,"column":7}},{"start":{"line":89,"column":7},"end":{"line":89,"column":7}}]},"7":{"line":89,"type":"binary-expr","locations":[{"start":{"line":89,"column":10},"end":{"line":89,"column":32}},{"start":{"line":89,"column":36},"end":{"line":89,"column":56}},{"start":{"line":89,"column":60},"end":{"line":89,"column":89}}]},"8":{"line":92,"type":"if","locations":[{"start":{"line":92,"column":3},"end":{"line":92,"column":3}},{"start":{"line":92,"column":3},"end":{"line":92,"column":3}}]},"9":{"line":98,"type":"binary-expr","locations":[{"start":{"line":98,"column":2},"end":{"line":98,"column":25}},{"start":{"line":98,"column":30},"end":{"line":98,"column":52}}]},"10":{"line":106,"type":"if","locations":[{"start":{"line":106,"column":1},"end":{"line":106,"column":1}},{"start":{"line":106,"column":1},"end":{"line":106,"column":1}}]},"11":{"line":108,"type":"if","locations":[{"start":{"line":108,"column":1},"end":{"line":108,"column":1}},{"start":{"line":108,"column":1},"end":{"line":108,"column":1}}]},"12":{"line":112,"type":"if","locations":[{"start":{"line":112,"column":1},"end":{"line":112,"column":1}},{"start":{"line":112,"column":1},"end":{"line":112,"column":1}}]},"13":{"line":112,"type":"binary-expr","locations":[{"start":{"line":112,"column":4},"end":{"line":112,"column":27}},{"start":{"line":112,"column":31},"end":{"line":112,"column":54}}]},"14":{"line":130,"type":"if","locations":[{"start":{"line":130,"column":1},"end":{"line":130,"column":1}},{"start":{"line":130,"column":1},"end":{"line":130,"column":1}}]},"15":{"line":137,"type":"binary-expr","locations":[{"start":{"line":137,"column":8},"end":{"line":137,"column":34}},{"start":{"line":138,"column":3},"end":{"line":138,"column":29}},{"start":{"line":139,"column":3},"end":{"line":139,"column":36}},{"start":{"line":140,"column":3},"end":{"line":140,"column":34}}]},"16":{"line":157,"type":"if","locations":[{"start":{"line":157,"column":2},"end":{"line":157,"column":2}},{"start":{"line":157,"column":2},"end":{"line":157,"column":2}}]},"17":{"line":157,"type":"binary-expr","locations":[{"start":{"line":157,"column":5},"end":{"line":157,"column":26}},{"start":{"line":157,"column":30},"end":{"line":157,"column":51}}]}}},"/Users/jitendrs/uno/lib/gameInspector.js":{"path":"/Users/jitendrs/uno/lib/gameInspector.js","s":{"1":1,"2":1,"3":1,"4":33,"5":47,"6":1,"7":20,"8":20,"9":31,"10":20,"11":6,"12":14,"13":14,"14":4,"15":14,"16":20,"17":1,"18":7,"19":7,"20":7,"21":7,"22":34,"23":7,"24":7,"25":7,"26":7,"27":1,"28":4,"29":4,"30":4,"31":4,"32":4,"33":4,"34":4,"35":1,"36":2,"37":2,"38":2,"39":2,"40":2,"41":2,"42":1,"43":3,"44":3,"45":1,"46":1,"47":1,"48":1,"49":1,"50":1,"51":1,"52":1,"53":1,"54":1,"55":1,"56":1,"57":1,"58":1,"59":1,"60":1,"61":1,"62":1,"63":1,"64":1},"b":{"1":[6,14],"2":[4,10],"3":[1,0]},"f":{"1":33,"2":47,"3":20,"4":31,"5":7,"6":34,"7":4,"8":2,"9":3,"10":1,"11":1,"12":1},"fnMap":{"1":{"name":"(anonymous_1)","line":4,"loc":{"start":{"line":4,"column":26},"end":{"line":4,"column":43}}},"2":{"name":"(anonymous_2)","line":5,"loc":{"start":{"line":5,"column":30},"end":{"line":5,"column":47}}},"3":{"name":"(anonymous_3)","line":10,"loc":{"start":{"line":10,"column":35},"end":{"line":10,"column":52}}},"4":{"name":"(anonymous_4)","line":12,"loc":{"start":{"line":12,"column":30},"end":{"line":12,"column":46}}},"5":{"name":"(anonymous_5)","line":25,"loc":{"start":{"line":25,"column":26},"end":{"line":25,"column":44}}},"6":{"name":"(anonymous_6)","line":29,"loc":{"start":{"line":29,"column":44},"end":{"line":29,"column":58}}},"7":{"name":"(anonymous_7)","line":41,"loc":{"start":{"line":41,"column":25},"end":{"line":41,"column":43}}},"8":{"name":"(anonymous_8)","line":55,"loc":{"start":{"line":55,"column":28},"end":{"line":55,"column":46}}},"9":{"name":"(anonymous_9)","line":64,"loc":{"start":{"line":64,"column":21},"end":{"line":64,"column":39}}},"10":{"name":"(anonymous_10)","line":69,"loc":{"start":{"line":69,"column":24},"end":{"line":69,"column":42}}},"11":{"name":"(anonymous_11)","line":81,"loc":{"start":{"line":81,"column":25},"end":{"line":81,"column":43}}},"12":{"name":"(anonymous_12)","line":86,"loc":{"start":{"line":86,"column":24},"end":{"line":86,"column":42}}}},"statementMap":{"1":{"start":{"line":1,"column":0},"end":{"line":1,"column":19}},"2":{"start":{"line":2,"column":0},"end":{"line":2,"column":27}},"3":{"start":{"line":4,"column":0},"end":{"line":8,"column":1}},"4":{"start":{"line":5,"column":1},"end":{"line":7,"column":4}},"5":{"start":{"line":6,"column":3},"end":{"line":6,"column":32}},"6":{"start":{"line":10,"column":0},"end":{"line":23,"column":2}},"7":{"start":{"line":11,"column":1},"end":{"line":11,"column":57}},"8":{"start":{"line":12,"column":1},"end":{"line":14,"column":4}},"9":{"start":{"line":13,"column":2},"end":{"line":13,"column":32}},"10":{"start":{"line":15,"column":1},"end":{"line":21,"column":2}},"11":{"start":{"line":16,"column":2},"end":{"line":16,"column":27}},"12":{"start":{"line":18,"column":2},"end":{"line":18,"column":45}},"13":{"start":{"line":19,"column":2},"end":{"line":19,"column":69}},"14":{"start":{"line":19,"column":45},"end":{"line":19,"column":69}},"15":{"start":{"line":20,"column":2},"end":{"line":20,"column":48}},"16":{"start":{"line":22,"column":1},"end":{"line":22,"column":16}},"17":{"start":{"line":25,"column":0},"end":{"line":40,"column":2}},"18":{"start":{"line":26,"column":1},"end":{"line":26,"column":30}},"19":{"start":{"line":27,"column":1},"end":{"line":27,"column":57}},"20":{"start":{"line":28,"column":1},"end":{"line":28,"column":42}},"21":{"start":{"line":29,"column":1},"end":{"line":31,"column":4}},"22":{"start":{"line":30,"column":2},"end":{"line":30,"column":50}},"23":{"start":{"line":32,"column":1},"end":{"line":32,"column":51}},"24":{"start":{"line":33,"column":1},"end":{"line":33,"column":43}},"25":{"start":{"line":34,"column":1},"end":{"line":38,"column":3}},"26":{"start":{"line":39,"column":1},"end":{"line":39,"column":21}},"27":{"start":{"line":41,"column":0},"end":{"line":53,"column":2}},"28":{"start":{"line":42,"column":1},"end":{"line":42,"column":30}},"29":{"start":{"line":43,"column":1},"end":{"line":43,"column":57}},"30":{"start":{"line":44,"column":1},"end":{"line":44,"column":66}},"31":{"start":{"line":45,"column":1},"end":{"line":45,"column":87}},"32":{"start":{"line":46,"column":1},"end":{"line":46,"column":44}},"33":{"start":{"line":47,"column":1},"end":{"line":51,"column":3}},"34":{"start":{"line":52,"column":1},"end":{"line":52,"column":21}},"35":{"start":{"line":55,"column":0},"end":{"line":62,"column":2}},"36":{"start":{"line":56,"column":1},"end":{"line":56,"column":22}},"37":{"start":{"line":57,"column":1},"end":{"line":57,"column":72}},"38":{"start":{"line":58,"column":1},"end":{"line":58,"column":33}},"39":{"start":{"line":59,"column":1},"end":{"line":59,"column":45}},"40":{"start":{"line":60,"column":1},"end":{"line":60,"column":71}},"41":{"start":{"line":61,"column":1},"end":{"line":61,"column":17}},"42":{"start":{"line":64,"column":0},"end":{"line":67,"column":2}},"43":{"start":{"line":65,"column":1},"end":{"line":65,"column":69}},"44":{"start":{"line":66,"column":1},"end":{"line":66,"column":17}},"45":{"start":{"line":69,"column":0},"end":{"line":79,"column":2}},"46":{"start":{"line":70,"column":1},"end":{"line":70,"column":66}},"47":{"start":{"line":71,"column":1},"end":{"line":73,"column":42}},"48":{"start":{"line":74,"column":1},"end":{"line":74,"column":30}},"49":{"start":{"line":75,"column":1},"end":{"line":75,"column":51}},"50":{"start":{"line":76,"column":1},"end":{"line":76,"column":28}},"51":{"start":{"line":77,"column":1},"end":{"line":77,"column":69}},"52":{"start":{"line":78,"column":1},"end":{"line":78,"column":17}},"53":{"start":{"line":81,"column":0},"end":{"line":84,"column":2}},"54":{"start":{"line":82,"column":1},"end":{"line":82,"column":78}},"55":{"start":{"line":83,"column":1},"end":{"line":83,"column":17}},"56":{"start":{"line":86,"column":0},"end":{"line":94,"column":2}},"57":{"start":{"line":87,"column":1},"end":{"line":87,"column":24}},"58":{"start":{"line":88,"column":1},"end":{"line":88,"column":39}},"59":{"start":{"line":89,"column":1},"end":{"line":89,"column":79}},"60":{"start":{"line":90,"column":1},"end":{"line":90,"column":45}},"61":{"start":{"line":91,"column":1},"end":{"line":91,"column":52}},"62":{"start":{"line":92,"column":1},"end":{"line":92,"column":35}},"63":{"start":{"line":93,"column":1},"end":{"line":93,"column":17}},"64":{"start":{"line":96,"column":0},"end":{"line":96,"column":38}}},"branchMap":{"1":{"line":15,"type":"if","locations":[{"start":{"line":15,"column":1},"end":{"line":15,"column":1}},{"start":{"line":15,"column":1},"end":{"line":15,"column":1}}]},"2":{"line":19,"type":"if","locations":[{"start":{"line":19,"column":2},"end":{"line":19,"column":2}},{"start":{"line":19,"column":2},"end":{"line":19,"column":2}}]},"3":{"line":71,"type":"cond-expr","locations":[{"start":{"line":72,"column":3},"end":{"line":72,"column":46}},{"start":{"line":73,"column":3},"end":{"line":73,"column":41}}]}}},"/Users/jitendrs/uno/lib/game.js":{"path":"/Users/jitendrs/uno/lib/game.js","s":{"1":1,"2":1,"3":9,"4":9,"5":9,"6":9,"7":9,"8":9,"9":2,"10":2,"11":2,"12":9,"13":3,"14":6,"15":5,"16":1,"17":4,"18":0,"19":1},"b":{"1":[5,1]},"f":{"1":9,"2":2,"3":2,"4":2,"5":3,"6":6,"7":1,"8":4,"9":0},"fnMap":{"1":{"name":"(anonymous_1)","line":2,"loc":{"start":{"line":2,"column":11},"end":{"line":2,"column":21}}},"2":{"name":"(anonymous_2)","line":8,"loc":{"start":{"line":8,"column":19},"end":{"line":8,"column":29}}},"3":{"name":"(anonymous_3)","line":11,"loc":{"start":{"line":11,"column":21},"end":{"line":11,"column":39}}},"4":{"name":"(anonymous_4)","line":14,"loc":{"start":{"line":14,"column":25},"end":{"line":14,"column":35}}},"5":{"name":"(anonymous_5)","line":17,"loc":{"start":{"line":17,"column":17},"end":{"line":17,"column":32}}},"6":{"name":"(anonymous_6)","line":20,"loc":{"start":{"line":20,"column":18},"end":{"line":20,"column":34}}},"7":{"name":"(anonymous_7)","line":25,"loc":{"start":{"line":25,"column":25},"end":{"line":25,"column":35}}},"8":{"name":"(anonymous_8)","line":28,"loc":{"start":{"line":28,"column":18},"end":{"line":28,"column":36}}},"9":{"name":"(anonymous_9)","line":31,"loc":{"start":{"line":31,"column":20},"end":{"line":31,"column":38}}}},"statementMap":{"1":{"start":{"line":1,"column":0},"end":{"line":1,"column":27}},"2":{"start":{"line":2,"column":0},"end":{"line":34,"column":2}},"3":{"start":{"line":3,"column":1},"end":{"line":3,"column":19}},"4":{"start":{"line":4,"column":1},"end":{"line":4,"column":23}},"5":{"start":{"line":5,"column":1},"end":{"line":5,"column":22}},"6":{"start":{"line":6,"column":1},"end":{"line":6,"column":26}},"7":{"start":{"line":7,"column":1},"end":{"line":7,"column":17}},"8":{"start":{"line":8,"column":1},"end":{"line":16,"column":3}},"9":{"start":{"line":9,"column":2},"end":{"line":9,"column":33}},"10":{"start":{"line":12,"column":2},"end":{"line":12,"column":45}},"11":{"start":{"line":15,"column":2},"end":{"line":15,"column":50}},"12":{"start":{"line":17,"column":1},"end":{"line":33,"column":2}},"13":{"start":{"line":18,"column":2},"end":{"line":18,"column":28}},"14":{"start":{"line":21,"column":2},"end":{"line":23,"column":3}},"15":{"start":{"line":22,"column":3},"end":{"line":22,"column":29}},"16":{"start":{"line":26,"column":2},"end":{"line":26,"column":45}},"17":{"start":{"line":29,"column":2},"end":{"line":29,"column":45}},"18":{"start":{"line":32,"column":2},"end":{"line":32,"column":27}},"19":{"start":{"line":36,"column":0},"end":{"line":36,"column":22}}},"branchMap":{"1":{"line":21,"type":"if","locations":[{"start":{"line":21,"column":2},"end":{"line":21,"column":2}},{"start":{"line":21,"column":2},"end":{"line":21,"column":2}}]}}},"/Users/jitendrs/uno/lib/controller.js":{"path":"/Users/jitendrs/uno/lib/controller.js","s":{"1":1,"2":1,"3":1,"4":1,"5":1,"6":1,"7":1,"8":1,"9":1,"10":1,"11":1,"12":1,"13":1,"14":1,"15":1,"16":1,"17":1,"18":1,"19":0,"20":0,"21":1,"22":0,"23":1,"24":0,"25":1,"26":1,"27":1,"28":1,"29":1,"30":1,"31":1,"32":1,"33":1,"34":1,"35":1,"36":1,"37":0,"38":0,"39":0,"40":0,"41":0,"42":0,"43":0,"44":1,"45":0,"46":0,"47":0,"48":0,"49":0,"50":1,"51":2,"52":2,"53":1,"54":1,"55":1,"56":1,"57":2,"58":1,"59":0,"60":0,"61":0,"62":0,"63":0,"64":0,"65":0,"66":0,"67":0,"68":0,"69":0,"70":0,"71":0,"72":1,"73":0,"74":0,"75":0,"76":0,"77":0,"78":0,"79":0,"80":0,"81":0,"82":0,"83":0,"84":0,"85":0,"86":0,"87":1,"88":0,"89":0,"90":0,"91":0,"92":0,"93":1,"94":0,"95":0,"96":0,"97":0,"98":0,"99":0,"100":1,"101":0,"102":0,"103":0,"104":0,"105":0,"106":0,"107":1,"108":0,"109":0,"110":0,"111":0,"112":0,"113":0,"114":1,"115":0,"116":0,"117":0,"118":0,"119":1,"120":0,"121":0,"122":0,"123":0,"124":0,"125":0,"126":0,"127":0,"128":1,"129":0,"130":0,"131":0,"132":0,"133":0,"134":0,"135":1,"136":0,"137":0,"138":1,"139":0,"140":1,"141":5,"142":5,"143":5,"144":0,"145":0,"146":0,"147":5,"148":5,"149":1},"b":{"1":[0,0,0],"2":[0,0],"3":[0,0],"4":[0,1],"5":[1,0],"6":[0,0],"7":[0,0],"8":[1,1],"9":[2,2],"10":[0,0],"11":[0,0],"12":[0,0],"13":[0,0],"14":[0,0],"15":[0,0],"16":[0,0],"17":[0,0],"18":[0,5]},"f":{"1":1,"2":0,"3":0,"4":0,"5":1,"6":1,"7":1,"8":0,"9":0,"10":2,"11":0,"12":0,"13":0,"14":0,"15":0,"16":0,"17":0,"18":0,"19":0,"20":0,"21":0,"22":0,"23":0,"24":5,"25":5,"26":0},"fnMap":{"1":{"name":"(anonymous_1)","line":16,"loc":{"start":{"line":16,"column":22},"end":{"line":16,"column":32}}},"2":{"name":"(anonymous_2)","line":21,"loc":{"start":{"line":21,"column":17},"end":{"line":21,"column":30}}},"3":{"name":"(anonymous_3)","line":26,"loc":{"start":{"line":26,"column":20},"end":{"line":26,"column":38}}},"4":{"name":"(anonymous_4)","line":32,"loc":{"start":{"line":32,"column":24},"end":{"line":32,"column":48}}},"5":{"name":"(anonymous_5)","line":38,"loc":{"start":{"line":38,"column":12},"end":{"line":38,"column":29}}},"6":{"name":"(anonymous_6)","line":46,"loc":{"start":{"line":46,"column":28},"end":{"line":46,"column":45}}},"7":{"name":"(anonymous_7)","line":50,"loc":{"start":{"line":50,"column":22},"end":{"line":50,"column":39}}},"8":{"name":"(anonymous_8)","line":58,"loc":{"start":{"line":58,"column":27},"end":{"line":58,"column":45}}},"9":{"name":"(anonymous_9)","line":69,"loc":{"start":{"line":69,"column":21},"end":{"line":69,"column":39}}},"10":{"name":"(anonymous_10)","line":78,"loc":{"start":{"line":78,"column":21},"end":{"line":78,"column":39}}},"11":{"name":"(anonymous_11)","line":89,"loc":{"start":{"line":89,"column":32},"end":{"line":89,"column":53}}},"12":{"name":"(anonymous_12)","line":92,"loc":{"start":{"line":92,"column":51},"end":{"line":92,"column":67}}},"13":{"name":"(anonymous_13)","line":106,"loc":{"start":{"line":106,"column":24},"end":{"line":106,"column":41}}},"14":{"name":"(anonymous_14)","line":125,"loc":{"start":{"line":125,"column":25},"end":{"line":125,"column":42}}},"15":{"name":"(anonymous_15)","line":133,"loc":{"start":{"line":133,"column":22},"end":{"line":133,"column":39}}},"16":{"name":"(anonymous_16)","line":142,"loc":{"start":{"line":142,"column":21},"end":{"line":142,"column":38}}},"17":{"name":"(anonymous_17)","line":151,"loc":{"start":{"line":151,"column":23},"end":{"line":151,"column":40}}},"18":{"name":"(anonymous_18)","line":161,"loc":{"start":{"line":161,"column":19},"end":{"line":161,"column":36}}},"19":{"name":"(anonymous_19)","line":168,"loc":{"start":{"line":168,"column":21},"end":{"line":168,"column":38}}},"20":{"name":"(anonymous_20)","line":178,"loc":{"start":{"line":178,"column":24},"end":{"line":178,"column":41}}},"21":{"name":"(anonymous_21)","line":183,"loc":{"start":{"line":183,"column":38},"end":{"line":183,"column":54}}},"22":{"name":"(anonymous_22)","line":189,"loc":{"start":{"line":189,"column":23},"end":{"line":189,"column":40}}},"23":{"name":"(anonymous_23)","line":194,"loc":{"start":{"line":194,"column":11},"end":{"line":194,"column":24}}},"24":{"name":"(anonymous_24)","line":198,"loc":{"start":{"line":198,"column":17},"end":{"line":198,"column":31}}},"25":{"name":"(anonymous_25)","line":199,"loc":{"start":{"line":199,"column":8},"end":{"line":199,"column":25}}},"26":{"name":"(anonymous_26)","line":204,"loc":{"start":{"line":204,"column":24},"end":{"line":204,"column":38}}}},"statementMap":{"1":{"start":{"line":1,"column":0},"end":{"line":1,"column":27}},"2":{"start":{"line":2,"column":0},"end":{"line":2,"column":33}},"3":{"start":{"line":3,"column":0},"end":{"line":3,"column":20}},"4":{"start":{"line":4,"column":0},"end":{"line":4,"column":28}},"5":{"start":{"line":5,"column":0},"end":{"line":5,"column":41}},"6":{"start":{"line":6,"column":0},"end":{"line":6,"column":39}},"7":{"start":{"line":7,"column":0},"end":{"line":7,"column":36}},"8":{"start":{"line":8,"column":0},"end":{"line":8,"column":44}},"9":{"start":{"line":9,"column":0},"end":{"line":9,"column":40}},"10":{"start":{"line":10,"column":0},"end":{"line":10,"column":64}},"11":{"start":{"line":11,"column":0},"end":{"line":11,"column":32}},"12":{"start":{"line":12,"column":0},"end":{"line":12,"column":15}},"13":{"start":{"line":13,"column":0},"end":{"line":13,"column":49}},"14":{"start":{"line":14,"column":0},"end":{"line":14,"column":24}},"15":{"start":{"line":16,"column":0},"end":{"line":19,"column":2}},"16":{"start":{"line":17,"column":1},"end":{"line":17,"column":34}},"17":{"start":{"line":18,"column":1},"end":{"line":18,"column":21}},"18":{"start":{"line":21,"column":0},"end":{"line":24,"column":2}},"19":{"start":{"line":22,"column":1},"end":{"line":22,"column":41}},"20":{"start":{"line":23,"column":1},"end":{"line":23,"column":75}},"21":{"start":{"line":26,"column":0},"end":{"line":30,"column":3}},"22":{"start":{"line":27,"column":1},"end":{"line":29,"column":32}},"23":{"start":{"line":32,"column":0},"end":{"line":36,"column":3}},"24":{"start":{"line":33,"column":1},"end":{"line":35,"column":32}},"25":{"start":{"line":38,"column":0},"end":{"line":42,"column":3}},"26":{"start":{"line":39,"column":1},"end":{"line":41,"column":32}},"27":{"start":{"line":44,"column":0},"end":{"line":44,"column":36}},"28":{"start":{"line":46,"column":0},"end":{"line":48,"column":3}},"29":{"start":{"line":47,"column":1},"end":{"line":47,"column":17}},"30":{"start":{"line":50,"column":0},"end":{"line":56,"column":3}},"31":{"start":{"line":51,"column":1},"end":{"line":51,"column":28}},"32":{"start":{"line":52,"column":1},"end":{"line":52,"column":26}},"33":{"start":{"line":53,"column":1},"end":{"line":53,"column":49}},"34":{"start":{"line":54,"column":1},"end":{"line":54,"column":41}},"35":{"start":{"line":55,"column":1},"end":{"line":55,"column":52}},"36":{"start":{"line":58,"column":0},"end":{"line":66,"column":3}},"37":{"start":{"line":59,"column":1},"end":{"line":59,"column":41}},"38":{"start":{"line":60,"column":1},"end":{"line":60,"column":23}},"39":{"start":{"line":61,"column":1},"end":{"line":61,"column":24}},"40":{"start":{"line":62,"column":1},"end":{"line":62,"column":31}},"41":{"start":{"line":63,"column":1},"end":{"line":63,"column":24}},"42":{"start":{"line":64,"column":1},"end":{"line":64,"column":18}},"43":{"start":{"line":65,"column":1},"end":{"line":65,"column":12}},"44":{"start":{"line":69,"column":0},"end":{"line":76,"column":3}},"45":{"start":{"line":70,"column":1},"end":{"line":70,"column":30}},"46":{"start":{"line":71,"column":1},"end":{"line":71,"column":41}},"47":{"start":{"line":72,"column":1},"end":{"line":72,"column":40}},"48":{"start":{"line":73,"column":1},"end":{"line":75,"column":2}},"49":{"start":{"line":74,"column":2},"end":{"line":74,"column":25}},"50":{"start":{"line":78,"column":0},"end":{"line":87,"column":3}},"51":{"start":{"line":79,"column":1},"end":{"line":79,"column":13}},"52":{"start":{"line":80,"column":1},"end":{"line":85,"column":57}},"53":{"start":{"line":81,"column":2},"end":{"line":81,"column":52}},"54":{"start":{"line":82,"column":2},"end":{"line":82,"column":52}},"55":{"start":{"line":83,"column":2},"end":{"line":83,"column":33}},"56":{"start":{"line":85,"column":6},"end":{"line":85,"column":57}},"57":{"start":{"line":86,"column":1},"end":{"line":86,"column":19}},"58":{"start":{"line":89,"column":0},"end":{"line":104,"column":2}},"59":{"start":{"line":90,"column":1},"end":{"line":90,"column":14}},"60":{"start":{"line":91,"column":1},"end":{"line":91,"column":23}},"61":{"start":{"line":92,"column":1},"end":{"line":99,"column":4}},"62":{"start":{"line":93,"column":2},"end":{"line":93,"column":30}},"63":{"start":{"line":94,"column":2},"end":{"line":94,"column":45}},"64":{"start":{"line":95,"column":2},"end":{"line":95,"column":52}},"65":{"start":{"line":96,"column":2},"end":{"line":96,"column":49}},"66":{"start":{"line":97,"column":2},"end":{"line":97,"column":51}},"67":{"start":{"line":98,"column":2},"end":{"line":98,"column":30}},"68":{"start":{"line":100,"column":1},"end":{"line":100,"column":36}},"69":{"start":{"line":101,"column":1},"end":{"line":101,"column":52}},"70":{"start":{"line":102,"column":1},"end":{"line":102,"column":64}},"71":{"start":{"line":103,"column":1},"end":{"line":103,"column":14}},"72":{"start":{"line":106,"column":0},"end":{"line":123,"column":3}},"73":{"start":{"line":107,"column":1},"end":{"line":107,"column":29}},"74":{"start":{"line":108,"column":1},"end":{"line":122,"column":19}},"75":{"start":{"line":109,"column":2},"end":{"line":109,"column":38}},"76":{"start":{"line":110,"column":2},"end":{"line":119,"column":3}},"77":{"start":{"line":111,"column":3},"end":{"line":111,"column":14}},"78":{"start":{"line":112,"column":3},"end":{"line":112,"column":10}},"79":{"start":{"line":114,"column":7},"end":{"line":119,"column":3}},"80":{"start":{"line":115,"column":3},"end":{"line":115,"column":35}},"81":{"start":{"line":116,"column":3},"end":{"line":116,"column":35}},"82":{"start":{"line":117,"column":3},"end":{"line":117,"column":27}},"83":{"start":{"line":118,"column":3},"end":{"line":118,"column":59}},"84":{"start":{"line":120,"column":2},"end":{"line":120,"column":37}},"85":{"start":{"line":121,"column":2},"end":{"line":121,"column":68}},"86":{"start":{"line":122,"column":8},"end":{"line":122,"column":19}},"87":{"start":{"line":125,"column":0},"end":{"line":131,"column":3}},"88":{"start":{"line":126,"column":1},"end":{"line":126,"column":46}},"89":{"start":{"line":127,"column":1},"end":{"line":127,"column":43}},"90":{"start":{"line":128,"column":1},"end":{"line":128,"column":43}},"91":{"start":{"line":129,"column":1},"end":{"line":129,"column":21}},"92":{"start":{"line":130,"column":1},"end":{"line":130,"column":12}},"93":{"start":{"line":133,"column":0},"end":{"line":140,"column":3}},"94":{"start":{"line":134,"column":1},"end":{"line":134,"column":46}},"95":{"start":{"line":135,"column":1},"end":{"line":135,"column":44}},"96":{"start":{"line":136,"column":1},"end":{"line":136,"column":28}},"97":{"start":{"line":137,"column":1},"end":{"line":137,"column":55}},"98":{"start":{"line":138,"column":1},"end":{"line":138,"column":43}},"99":{"start":{"line":139,"column":1},"end":{"line":139,"column":70}},"100":{"start":{"line":142,"column":0},"end":{"line":149,"column":3}},"101":{"start":{"line":143,"column":1},"end":{"line":143,"column":46}},"102":{"start":{"line":144,"column":1},"end":{"line":144,"column":66}},"103":{"start":{"line":145,"column":1},"end":{"line":145,"column":93}},"104":{"start":{"line":146,"column":1},"end":{"line":146,"column":38}},"105":{"start":{"line":147,"column":1},"end":{"line":147,"column":43}},"106":{"start":{"line":148,"column":1},"end":{"line":148,"column":70}},"107":{"start":{"line":151,"column":0},"end":{"line":159,"column":3}},"108":{"start":{"line":152,"column":1},"end":{"line":152,"column":46}},"109":{"start":{"line":153,"column":1},"end":{"line":153,"column":66}},"110":{"start":{"line":154,"column":1},"end":{"line":156,"column":2}},"111":{"start":{"line":155,"column":2},"end":{"line":155,"column":90}},"112":{"start":{"line":157,"column":1},"end":{"line":157,"column":43}},"113":{"start":{"line":158,"column":1},"end":{"line":158,"column":70}},"114":{"start":{"line":161,"column":0},"end":{"line":166,"column":3}},"115":{"start":{"line":162,"column":1},"end":{"line":162,"column":80}},"116":{"start":{"line":163,"column":1},"end":{"line":163,"column":78}},"117":{"start":{"line":164,"column":1},"end":{"line":164,"column":48}},"118":{"start":{"line":165,"column":1},"end":{"line":165,"column":12}},"119":{"start":{"line":168,"column":0},"end":{"line":176,"column":3}},"120":{"start":{"line":169,"column":1},"end":{"line":169,"column":26}},"121":{"start":{"line":170,"column":1},"end":{"line":170,"column":46}},"122":{"start":{"line":171,"column":1},"end":{"line":171,"column":66}},"123":{"start":{"line":172,"column":1},"end":{"line":172,"column":61}},"124":{"start":{"line":173,"column":1},"end":{"line":173,"column":51}},"125":{"start":{"line":174,"column":1},"end":{"line":174,"column":133}},"126":{"start":{"line":174,"column":14},"end":{"line":174,"column":133}},"127":{"start":{"line":175,"column":1},"end":{"line":175,"column":12}},"128":{"start":{"line":178,"column":0},"end":{"line":187,"column":3}},"129":{"start":{"line":179,"column":1},"end":{"line":179,"column":42}},"130":{"start":{"line":180,"column":1},"end":{"line":182,"column":2}},"131":{"start":{"line":181,"column":2},"end":{"line":181,"column":34}},"132":{"start":{"line":183,"column":1},"end":{"line":185,"column":4}},"133":{"start":{"line":184,"column":2},"end":{"line":184,"column":49}},"134":{"start":{"line":186,"column":1},"end":{"line":186,"column":45}},"135":{"start":{"line":189,"column":0},"end":{"line":192,"column":3}},"136":{"start":{"line":190,"column":1},"end":{"line":190,"column":40}},"137":{"start":{"line":191,"column":1},"end":{"line":191,"column":28}},"138":{"start":{"line":194,"column":0},"end":{"line":196,"column":2}},"139":{"start":{"line":195,"column":1},"end":{"line":195,"column":198}},"140":{"start":{"line":198,"column":0},"end":{"line":211,"column":2}},"141":{"start":{"line":199,"column":1},"end":{"line":210,"column":3}},"142":{"start":{"line":201,"column":2},"end":{"line":201,"column":56}},"143":{"start":{"line":202,"column":2},"end":{"line":207,"column":3}},"144":{"start":{"line":203,"column":3},"end":{"line":203,"column":31}},"145":{"start":{"line":204,"column":3},"end":{"line":206,"column":6}},"146":{"start":{"line":205,"column":4},"end":{"line":205,"column":48}},"147":{"start":{"line":208,"column":2},"end":{"line":208,"column":18}},"148":{"start":{"line":209,"column":2},"end":{"line":209,"column":15}},"149":{"start":{"line":213,"column":0},"end":{"line":213,"column":28}}},"branchMap":{"1":{"line":23,"type":"binary-expr","locations":[{"start":{"line":23,"column":11},"end":{"line":23,"column":17}},{"start":{"line":23,"column":21},"end":{"line":23,"column":29}},{"start":{"line":23,"column":33},"end":{"line":23,"column":73}}]},"2":{"line":27,"type":"cond-expr","locations":[{"start":{"line":28,"column":3},"end":{"line":28,"column":34}},{"start":{"line":29,"column":3},"end":{"line":29,"column":31}}]},"3":{"line":33,"type":"cond-expr","locations":[{"start":{"line":34,"column":3},"end":{"line":34,"column":9}},{"start":{"line":35,"column":3},"end":{"line":35,"column":31}}]},"4":{"line":39,"type":"cond-expr","locations":[{"start":{"line":40,"column":3},"end":{"line":40,"column":34}},{"start":{"line":41,"column":3},"end":{"line":41,"column":31}}]},"5":{"line":39,"type":"binary-expr","locations":[{"start":{"line":39,"column":2},"end":{"line":39,"column":16}},{"start":{"line":39,"column":20},"end":{"line":39,"column":35}}]},"6":{"line":73,"type":"if","locations":[{"start":{"line":73,"column":1},"end":{"line":73,"column":1}},{"start":{"line":73,"column":1},"end":{"line":73,"column":1}}]},"7":{"line":73,"type":"binary-expr","locations":[{"start":{"line":73,"column":4},"end":{"line":73,"column":8}},{"start":{"line":73,"column":12},"end":{"line":73,"column":49}}]},"8":{"line":80,"type":"if","locations":[{"start":{"line":80,"column":1},"end":{"line":80,"column":1}},{"start":{"line":80,"column":1},"end":{"line":80,"column":1}}]},"9":{"line":80,"type":"binary-expr","locations":[{"start":{"line":80,"column":4},"end":{"line":80,"column":12}},{"start":{"line":80,"column":16},"end":{"line":80,"column":43}}]},"10":{"line":108,"type":"if","locations":[{"start":{"line":108,"column":1},"end":{"line":108,"column":1}},{"start":{"line":108,"column":1},"end":{"line":108,"column":1}}]},"11":{"line":110,"type":"if","locations":[{"start":{"line":110,"column":2},"end":{"line":110,"column":2}},{"start":{"line":110,"column":2},"end":{"line":110,"column":2}}]},"12":{"line":114,"type":"if","locations":[{"start":{"line":114,"column":7},"end":{"line":114,"column":7}},{"start":{"line":114,"column":7},"end":{"line":114,"column":7}}]},"13":{"line":114,"type":"binary-expr","locations":[{"start":{"line":114,"column":10},"end":{"line":114,"column":14}},{"start":{"line":114,"column":18},"end":{"line":114,"column":35}}]},"14":{"line":154,"type":"if","locations":[{"start":{"line":154,"column":1},"end":{"line":154,"column":1}},{"start":{"line":154,"column":1},"end":{"line":154,"column":1}}]},"15":{"line":174,"type":"if","locations":[{"start":{"line":174,"column":1},"end":{"line":174,"column":1}},{"start":{"line":174,"column":1},"end":{"line":174,"column":1}}]},"16":{"line":180,"type":"if","locations":[{"start":{"line":180,"column":1},"end":{"line":180,"column":1}},{"start":{"line":180,"column":1},"end":{"line":180,"column":1}}]},"17":{"line":190,"type":"binary-expr","locations":[{"start":{"line":190,"column":2},"end":{"line":190,"column":10}},{"start":{"line":190,"column":15},"end":{"line":190,"column":40}}]},"18":{"line":202,"type":"if","locations":[{"start":{"line":202,"column":2},"end":{"line":202,"column":2}},{"start":{"line":202,"column":2},"end":{"line":202,"column":2}}]}}}}