TN:
SF:/Users/jitendrs/uno/lib/cards.js
FN:3,(anonymous_1)
FN:4,(anonymous_2)
FN:20,(anonymous_3)
FN:21,(anonymous_4)
FN:33,(anonymous_5)
FN:38,(anonymous_6)
FNF:6
FNH:6
FNDA:112,(anonymous_1)
FNDA:1456,(anonymous_2)
FNDA:112,(anonymous_3)
FNDA:224,(anonymous_4)
FNDA:28,(anonymous_5)
FNDA:112,(anonymous_6)
DA:1,1
DA:3,1
DA:4,112
DA:5,1456
DA:6,1456
DA:7,1456
DA:8,1456
DA:9,1456
DA:10,1456
DA:11,1456
DA:12,1456
DA:16,112
DA:20,1
DA:21,112
DA:22,224
DA:23,224
DA:24,224
DA:25,224
DA:26,224
DA:27,224
DA:29,112
DA:33,1
DA:34,28
DA:35,28
DA:36,28
DA:37,28
DA:38,28
DA:39,112
DA:40,112
DA:42,28
LF:30
LH:30
BRDA:8,1,0,1456
BRDA:8,1,1,1008
BRDA:10,2,0,336
BRDA:10,2,1,1120
BRDA:10,3,0,1456
BRDA:10,3,1,448
BRDA:11,4,0,336
BRDA:11,4,1,1120
BRDA:11,5,0,1456
BRDA:11,5,1,448
BRDA:12,6,0,112
BRDA:12,6,1,1344
BRF:12
BRH:12
end_of_record
TN:
SF:/Users/jitendrs/uno/lib/croupier.js
FN:7,(anonymous_1)
FN:11,(anonymous_2)
FN:17,(anonymous_3)
FN:21,(anonymous_4)
FN:23,(anonymous_5)
FN:29,(anonymous_6)
FN:39,(anonymous_7)
FN:53,(anonymous_8)
FN:54,(anonymous_9)
FN:56,(anonymous_10)
FN:63,(anonymous_11)
FN:76,(anonymous_12)
FN:80,(anonymous_13)
FN:83,(anonymous_14)
FN:97,(anonymous_15)
FN:105,(anonymous_16)
FN:111,(anonymous_17)
FN:120,(anonymous_18)
FN:128,(anonymous_19)
FN:134,(anonymous_20)
FN:143,(anonymous_21)
FN:147,(anonymous_22)
FN:148,(anonymous_23)
FN:154,(anonymous_24)
FN:156,(anonymous_25)
FNF:25
FNH:25
FNDA:39,(anonymous_1)
FNDA:26,(anonymous_2)
FNDA:3,(anonymous_3)
FNDA:16,(anonymous_4)
FNDA:32,(anonymous_5)
FNDA:12,(anonymous_6)
FNDA:4,(anonymous_7)
FNDA:1,(anonymous_8)
FNDA:2,(anonymous_9)
FNDA:4,(anonymous_10)
FNDA:3,(anonymous_11)
FNDA:6,(anonymous_12)
FNDA:5,(anonymous_13)
FNDA:35,(anonymous_14)
FNDA:3,(anonymous_15)
FNDA:3,(anonymous_16)
FNDA:2,(anonymous_17)
FNDA:54,(anonymous_18)
FNDA:7,(anonymous_19)
FNDA:2,(anonymous_20)
FNDA:22,(anonymous_21)
FNDA:2,(anonymous_22)
FNDA:4,(anonymous_23)
FNDA:2,(anonymous_24)
FNDA:95,(anonymous_25)
DA:1,1
DA:2,1
DA:3,1
DA:4,1
DA:5,1
DA:7,1
DA:8,39
DA:11,1
DA:12,26
DA:13,26
DA:14,26
DA:17,1
DA:18,3
DA:21,1
DA:22,16
DA:23,16
DA:24,32
DA:25,32
DA:29,1
DA:30,12
DA:31,12
DA:32,4
DA:33,4
DA:34,4
DA:36,12
DA:39,1
DA:40,4
DA:46,4
DA:47,4
DA:48,4
DA:49,4
DA:50,4
DA:53,1
DA:54,1
DA:55,2
DA:56,2
DA:57,4
DA:59,2
DA:63,1
DA:64,3
DA:70,3
DA:71,3
DA:72,3
DA:73,3
DA:76,1
DA:77,6
DA:80,1
DA:81,5
DA:82,5
DA:83,5
DA:84,35
DA:86,5
DA:87,5
DA:88,4
DA:89,3
DA:91,3
DA:92,3
DA:97,1
DA:98,3
DA:99,3
DA:100,3
DA:101,3
DA:102,3
DA:105,1
DA:106,3
DA:107,3
DA:108,3
DA:111,1
DA:112,2
DA:113,1
DA:114,1
DA:115,1
DA:117,1
DA:120,1
DA:121,54
DA:122,54
DA:123,54
DA:124,54
DA:125,54
DA:128,1
DA:129,7
DA:130,7
DA:131,6
DA:134,1
DA:135,2
DA:136,2
DA:137,2
DA:143,1
DA:144,22
DA:147,1
DA:148,2
DA:149,4
DA:151,2
DA:154,1
DA:155,2
DA:156,2
DA:157,95
DA:158,7
DA:160,95
DA:162,2
LF:100
LH:100
BRDA:46,1,0,4
BRDA:46,1,1,0
BRDA:84,2,0,35
BRDA:84,2,1,31
BRDA:86,3,0,5
BRDA:86,3,1,5
BRDA:86,3,2,0
BRDA:87,4,0,4
BRDA:87,4,1,1
BRDA:88,5,0,1
BRDA:88,5,1,3
BRDA:89,6,0,0
BRDA:89,6,1,3
BRDA:89,7,0,3
BRDA:89,7,1,3
BRDA:89,7,2,3
BRDA:92,8,0,2
BRDA:92,8,1,1
BRDA:98,9,0,3
BRDA:98,9,1,1
BRDA:106,10,0,0
BRDA:106,10,1,3
BRDA:108,11,0,2
BRDA:108,11,1,1
BRDA:112,12,0,1
BRDA:112,12,1,1
BRDA:112,13,0,2
BRDA:112,13,1,2
BRDA:130,14,0,1
BRDA:130,14,1,6
BRDA:137,15,0,2
BRDA:137,15,1,2
BRDA:137,15,2,2
BRDA:137,15,3,1
BRDA:157,16,0,7
BRDA:157,16,1,88
BRDA:157,17,0,95
BRDA:157,17,1,92
BRF:38
BRH:34
end_of_record
TN:
SF:/Users/jitendrs/uno/lib/gameInspector.js
FN:4,(anonymous_1)
FN:5,(anonymous_2)
FN:10,(anonymous_3)
FN:12,(anonymous_4)
FN:25,(anonymous_5)
FN:29,(anonymous_6)
FN:41,(anonymous_7)
FN:55,(anonymous_8)
FN:64,(anonymous_9)
FN:69,(anonymous_10)
FN:81,(anonymous_11)
FN:86,(anonymous_12)
FNF:12
FNH:12
FNDA:33,(anonymous_1)
FNDA:47,(anonymous_2)
FNDA:20,(anonymous_3)
FNDA:31,(anonymous_4)
FNDA:7,(anonymous_5)
FNDA:34,(anonymous_6)
FNDA:4,(anonymous_7)
FNDA:2,(anonymous_8)
FNDA:3,(anonymous_9)
FNDA:1,(anonymous_10)
FNDA:1,(anonymous_11)
FNDA:1,(anonymous_12)
DA:1,1
DA:2,1
DA:4,1
DA:5,33
DA:6,47
DA:10,1
DA:11,20
DA:12,20
DA:13,31
DA:15,20
DA:16,6
DA:18,14
DA:19,14
DA:20,14
DA:22,20
DA:25,1
DA:26,7
DA:27,7
DA:28,7
DA:29,7
DA:30,34
DA:32,7
DA:33,7
DA:34,7
DA:39,7
DA:41,1
DA:42,4
DA:43,4
DA:44,4
DA:45,4
DA:46,4
DA:47,4
DA:52,4
DA:55,1
DA:56,2
DA:57,2
DA:58,2
DA:59,2
DA:60,2
DA:61,2
DA:64,1
DA:65,3
DA:66,3
DA:69,1
DA:70,1
DA:71,1
DA:74,1
DA:75,1
DA:76,1
DA:77,1
DA:78,1
DA:81,1
DA:82,1
DA:83,1
DA:86,1
DA:87,1
DA:88,1
DA:89,1
DA:90,1
DA:91,1
DA:92,1
DA:93,1
DA:96,1
LF:63
LH:63
BRDA:15,1,0,6
BRDA:15,1,1,14
BRDA:19,2,0,4
BRDA:19,2,1,10
BRDA:71,3,0,1
BRDA:71,3,1,0
BRF:6
BRH:5
end_of_record
TN:
SF:/Users/jitendrs/uno/lib/game.js
FN:2,(anonymous_1)
FN:8,(anonymous_2)
FN:11,(anonymous_3)
FN:14,(anonymous_4)
FN:17,(anonymous_5)
FN:20,(anonymous_6)
FN:25,(anonymous_7)
FN:28,(anonymous_8)
FN:31,(anonymous_9)
FNF:9
FNH:8
FNDA:9,(anonymous_1)
FNDA:2,(anonymous_2)
FNDA:2,(anonymous_3)
FNDA:2,(anonymous_4)
FNDA:3,(anonymous_5)
FNDA:6,(anonymous_6)
FNDA:1,(anonymous_7)
FNDA:4,(anonymous_8)
FNDA:0,(anonymous_9)
DA:1,1
DA:2,1
DA:3,9
DA:4,9
DA:5,9
DA:6,9
DA:7,9
DA:8,9
DA:9,2
DA:12,2
DA:15,2
DA:17,9
DA:18,3
DA:21,6
DA:22,5
DA:26,1
DA:29,4
DA:32,0
DA:36,1
LF:19
LH:18
BRDA:21,1,0,5
BRDA:21,1,1,1
BRF:2
BRH:2
end_of_record
TN:
SF:/Users/jitendrs/uno/lib/controller.js
FN:16,(anonymous_1)
FN:21,(anonymous_2)
FN:26,(anonymous_3)
FN:32,(anonymous_4)
FN:38,(anonymous_5)
FN:46,(anonymous_6)
FN:50,(anonymous_7)
FN:58,(anonymous_8)
FN:69,(anonymous_9)
FN:78,(anonymous_10)
FN:89,(anonymous_11)
FN:92,(anonymous_12)
FN:106,(anonymous_13)
FN:125,(anonymous_14)
FN:133,(anonymous_15)
FN:142,(anonymous_16)
FN:151,(anonymous_17)
FN:161,(anonymous_18)
FN:168,(anonymous_19)
FN:178,(anonymous_20)
FN:183,(anonymous_21)
FN:189,(anonymous_22)
FN:194,(anonymous_23)
FN:198,(anonymous_24)
FN:199,(anonymous_25)
FN:204,(anonymous_26)
FNF:26
FNH:7
FNDA:1,(anonymous_1)
FNDA:0,(anonymous_2)
FNDA:0,(anonymous_3)
FNDA:0,(anonymous_4)
FNDA:1,(anonymous_5)
FNDA:1,(anonymous_6)
FNDA:1,(anonymous_7)
FNDA:0,(anonymous_8)
FNDA:0,(anonymous_9)
FNDA:2,(anonymous_10)
FNDA:0,(anonymous_11)
FNDA:0,(anonymous_12)
FNDA:0,(anonymous_13)
FNDA:0,(anonymous_14)
FNDA:0,(anonymous_15)
FNDA:0,(anonymous_16)
FNDA:0,(anonymous_17)
FNDA:0,(anonymous_18)
FNDA:0,(anonymous_19)
FNDA:0,(anonymous_20)
FNDA:0,(anonymous_21)
FNDA:0,(anonymous_22)
FNDA:0,(anonymous_23)
FNDA:5,(anonymous_24)
FNDA:5,(anonymous_25)
FNDA:0,(anonymous_26)
DA:1,1
DA:2,1
DA:3,1
DA:4,1
DA:5,1
DA:6,1
DA:7,1
DA:8,1
DA:9,1
DA:10,1
DA:11,1
DA:12,1
DA:13,1
DA:14,1
DA:16,1
DA:17,1
DA:18,1
DA:21,1
DA:22,0
DA:23,0
DA:26,1
DA:27,0
DA:32,1
DA:33,0
DA:38,1
DA:39,1
DA:44,1
DA:46,1
DA:47,1
DA:50,1
DA:51,1
DA:52,1
DA:53,1
DA:54,1
DA:55,1
DA:58,1
DA:59,0
DA:60,0
DA:61,0
DA:62,0
DA:63,0
DA:64,0
DA:65,0
DA:69,1
DA:70,0
DA:71,0
DA:72,0
DA:73,0
DA:74,0
DA:78,1
DA:79,2
DA:80,2
DA:81,1
DA:82,1
DA:83,1
DA:85,1
DA:86,2
DA:89,1
DA:90,0
DA:91,0
DA:92,0
DA:93,0
DA:94,0
DA:95,0
DA:96,0
DA:97,0
DA:98,0
DA:100,0
DA:101,0
DA:102,0
DA:103,0
DA:106,1
DA:107,0
DA:108,0
DA:109,0
DA:110,0
DA:111,0
DA:112,0
DA:114,0
DA:115,0
DA:116,0
DA:117,0
DA:118,0
DA:120,0
DA:121,0
DA:122,0
DA:125,1
DA:126,0
DA:127,0
DA:128,0
DA:129,0
DA:130,0
DA:133,1
DA:134,0
DA:135,0
DA:136,0
DA:137,0
DA:138,0
DA:139,0
DA:142,1
DA:143,0
DA:144,0
DA:145,0
DA:146,0
DA:147,0
DA:148,0
DA:151,1
DA:152,0
DA:153,0
DA:154,0
DA:155,0
DA:157,0
DA:158,0
DA:161,1
DA:162,0
DA:163,0
DA:164,0
DA:165,0
DA:168,1
DA:169,0
DA:170,0
DA:171,0
DA:172,0
DA:173,0
DA:174,0
DA:175,0
DA:178,1
DA:179,0
DA:180,0
DA:181,0
DA:183,0
DA:184,0
DA:186,0
DA:189,1
DA:190,0
DA:191,0
DA:194,1
DA:195,0
DA:198,1
DA:199,5
DA:201,5
DA:202,5
DA:203,0
DA:204,0
DA:205,0
DA:208,5
DA:209,5
DA:213,1
LF:148
LH:59
BRDA:23,1,0,0
BRDA:23,1,1,0
BRDA:23,1,2,0
BRDA:27,2,0,0
BRDA:27,2,1,0
BRDA:33,3,0,0
BRDA:33,3,1,0
BRDA:39,4,0,0
BRDA:39,4,1,1
BRDA:39,5,0,1
BRDA:39,5,1,0
BRDA:73,6,0,0
BRDA:73,6,1,0
BRDA:73,7,0,0
BRDA:73,7,1,0
BRDA:80,8,0,1
BRDA:80,8,1,1
BRDA:80,9,0,2
BRDA:80,9,1,2
BRDA:108,10,0,0
BRDA:108,10,1,0
BRDA:110,11,0,0
BRDA:110,11,1,0
BRDA:114,12,0,0
BRDA:114,12,1,0
BRDA:114,13,0,0
BRDA:114,13,1,0
BRDA:154,14,0,0
BRDA:154,14,1,0
BRDA:174,15,0,0
BRDA:174,15,1,0
BRDA:180,16,0,0
BRDA:180,16,1,0
BRDA:190,17,0,0
BRDA:190,17,1,0
BRDA:202,18,0,0
BRDA:202,18,1,5
BRF:37
BRH:7
end_of_record
